<?xml version="1.0" encoding="UTF-8"?>
<testsuites name="Amazon_Validation_Test Suite Collection" time="528.567" tests="15" failures="7" errors="0">
   <testsuite name="Amazon_Test Suite" tests="5" failures="0" errors="0" time="524.012" skipped="0" timestamp="27-01-2024T01:29:20" hostname="Harini - DESKTOP-08P78B5" id="Test Suites/Amazon_Validation/Amazon_Test Suite">
      <properties>
         <property name="deviceName" value=""/>
         <property name="devicePlatform" value=""/>
         <property name="logFolder" value="C:\\Users\\Harini\\Katalon Studio\\Katalon_VIP_Amazon_Application_Testing\\Reports\\20240127_012855\\Amazon_Validation\\Amazon_Test Suite\\20240127_012859"/>
         <property name="logFiles" value="C:\\Users\\Harini\\Katalon Studio\\Katalon_VIP_Amazon_Application_Testing\\Reports\\20240127_012855\\Amazon_Validation\\Amazon_Test Suite\\20240127_012859\\execution0.log"/>
         <property name="attachments" value=""/>
         <property name="hostName" value="Harini - DESKTOP-08P78B5"/>
         <property name="os" value="Windows 11 64bit"/>
         <property name="katalonVersion" value="9.1.0.212"/>
         <property name="browser" value="Chrome 120.0.0.0"/>
         <property name="hostAddress" value="192.168.1.40"/>
         <property name="sessionId" value="f1c76709efe4243262e78e15c632b511"/>
         <property name="seleniumVersion" value="3.141.59"/>
         <property name="proxyInformation" value="ProxyInformation { proxyOption=NO_PROXY, proxyServerType=HTTP, username=, password=********, proxyServerAddress=, proxyServerPort=0, executionList=&quot;&quot;, isApplyToDesiredCapabilities=true }"/>
         <property name="platform" value="Windows 11"/>
      </properties>
      <testcase name="Test Cases/TC_Amazon_Validation/TC_Amazon_Registration_001" time="381.927" classname="Test Cases/TC_Amazon_Validation/TC_Amazon_Registration_001" status="PASSED">
         <system-out><![CDATA[27-01-2024T01:29:21 - [TEST_CASE][PASSED] - Test Cases/TC_Amazon_Validation/TC_Amazon_Registration_001: Test Cases/TC_Amazon_Validation/TC_Amazon_Registration_001

27-01-2024T01:29:22 - [TEST_STEP][PASSED] - openBrowser(""): Browser is opened with url: ''

27-01-2024T01:29:22 - [MESSAGE][INFO] - Starting 'Chrome' driver

27-01-2024T01:29:22 - [MESSAGE][INFO] - Action delay is set to 0 milliseconds

27-01-2024T01:29:27 - [MESSAGE][PASSED] - Browser is opened with url: ''

27-01-2024T01:29:27 - [TEST_STEP][PASSED] - navigateToUrl("https://www.amazon.com/"): Navigate to 'https://www.amazon.com/' successfully

27-01-2024T01:29:29 - [MESSAGE][PASSED] - Navigate to 'https://www.amazon.com/' successfully

27-01-2024T01:29:29 - [TEST_STEP][PASSED] - maximizeWindow(): Current window maximized

27-01-2024T01:31:21 - [MESSAGE][PASSED] - Current window maximized

27-01-2024T01:31:21 - [TEST_STEP][PASSED] - click(findTestObject("Object Repository/Amazon_Registration_OR/Page_Amazon.com. Spend less. Smile more/span_Hello, sign in")): Object: 'Object Repository/Amazon_Registration_OR/Page_Amazon.com. Spend less. Smile more/span_Hello, sign in' is clicked on

27-01-2024T01:31:36 - [MESSAGE][PASSED] - Object: 'Object Repository/Amazon_Registration_OR/Page_Amazon.com. Spend less. Smile more/span_Hello, sign in' is clicked on

27-01-2024T01:31:36 - [TEST_STEP][PASSED] - click(findTestObject("Object Repository/Amazon_Registration_OR/Page_Amazon Sign-In/a_Create your Amazon account")): Object: 'Object Repository/Amazon_Registration_OR/Page_Amazon Sign-In/a_Create your Amazon account' is clicked on

27-01-2024T01:31:38 - [MESSAGE][PASSED] - Object: 'Object Repository/Amazon_Registration_OR/Page_Amazon Sign-In/a_Create your Amazon account' is clicked on

27-01-2024T01:31:38 - [TEST_STEP][PASSED] - setText(findTestObject("Object Repository/Amazon_Registration_OR/Page_Amazon Registration/input_customerName"), "Nitheeshaaa"): Text 'Nitheeshaaa' is set on object 'Object Repository/Amazon_Registration_OR/Page_Amazon Registration/input_customerName'

27-01-2024T01:31:39 - [MESSAGE][PASSED] - Text 'Nitheeshaaa' is set on object 'Object Repository/Amazon_Registration_OR/Page_Amazon Registration/input_customerName'

27-01-2024T01:31:39 - [TEST_STEP][PASSED] - setText(findTestObject("Object Repository/Amazon_Registration_OR/Page_Amazon Registration/input_email"), "6301737617"): Text '6301737617' is set on object 'Object Repository/Amazon_Registration_OR/Page_Amazon Registration/input_email'

27-01-2024T01:31:40 - [MESSAGE][PASSED] - Text '6301737617' is set on object 'Object Repository/Amazon_Registration_OR/Page_Amazon Registration/input_email'

27-01-2024T01:31:40 - [TEST_STEP][PASSED] - click(findTestObject("Object Repository/Amazon_Registration_OR/Page_Amazon Registration/span_US 1")): Object: 'Object Repository/Amazon_Registration_OR/Page_Amazon Registration/span_US 1' is clicked on

27-01-2024T01:35:30 - [MESSAGE][PASSED] - Object: 'Object Repository/Amazon_Registration_OR/Page_Amazon Registration/span_US 1' is clicked on

27-01-2024T01:35:30 - [TEST_STEP][PASSED] - click(findTestObject("Object Repository/Amazon_Registration_OR/Page_Amazon Registration/a_India 91")): Object: 'Object Repository/Amazon_Registration_OR/Page_Amazon Registration/a_India 91' is clicked on

27-01-2024T01:35:31 - [MESSAGE][PASSED] - Object: 'Object Repository/Amazon_Registration_OR/Page_Amazon Registration/a_India 91' is clicked on

27-01-2024T01:35:31 - [TEST_STEP][PASSED] - setEncryptedText(findTestObject("Object Repository/Amazon_Registration_OR/Page_Amazon Registration/input_password"), "J8q1Kij5A04="): Text ****** has been set on object 'Object Repository/Amazon_Registration_OR/Page_Amazon Registration/input_password'

27-01-2024T01:35:31 - [MESSAGE][PASSED] - Text ****** has been set on object 'Object Repository/Amazon_Registration_OR/Page_Amazon Registration/input_password'

27-01-2024T01:35:31 - [TEST_STEP][PASSED] - setEncryptedText(findTestObject("Object Repository/Amazon_Registration_OR/Page_Amazon Registration/input_passwordCheck"), "J8q1Kij5A04="): Text ****** has been set on object 'Object Repository/Amazon_Registration_OR/Page_Amazon Registration/input_passwordCheck'

27-01-2024T01:35:32 - [MESSAGE][PASSED] - Text ****** has been set on object 'Object Repository/Amazon_Registration_OR/Page_Amazon Registration/input_passwordCheck'

27-01-2024T01:35:32 - [TEST_STEP][PASSED] - click(findTestObject("Object Repository/Amazon_Registration_OR/Page_Amazon Registration/inputcontinue")): Object: 'Object Repository/Amazon_Registration_OR/Page_Amazon Registration/inputcontinue' is clicked on

27-01-2024T01:35:36 - [MESSAGE][PASSED] - Object: 'Object Repository/Amazon_Registration_OR/Page_Amazon Registration/inputcontinue' is clicked on

27-01-2024T01:35:36 - [TEST_STEP][PASSED] - closeBrowser(): Browser is closed

27-01-2024T01:35:43 - [MESSAGE][PASSED] - Browser is closed]]></system-out>
         <system-err><![CDATA[]]></system-err>
      </testcase>
      <testcase name="Test Cases/TC_Amazon_Validation/TC_Amazon_Sign In_002" time="32.751" classname="Test Cases/TC_Amazon_Validation/TC_Amazon_Sign In_002" status="PASSED">
         <system-out><![CDATA[27-01-2024T01:35:43 - [TEST_CASE][PASSED] - Test Cases/TC_Amazon_Validation/TC_Amazon_Sign In_002: Test Cases/TC_Amazon_Validation/TC_Amazon_Sign In_002

27-01-2024T01:35:43 - [TEST_STEP][PASSED] - openBrowser(""): Browser is opened with url: ''

27-01-2024T01:35:43 - [MESSAGE][INFO] - Starting 'Chrome' driver

27-01-2024T01:35:43 - [MESSAGE][INFO] - Action delay is set to 0 milliseconds

27-01-2024T01:35:45 - [MESSAGE][PASSED] - Browser is opened with url: ''

27-01-2024T01:35:45 - [TEST_STEP][PASSED] - navigateToUrl("https://www.amazon.com/"): Navigate to 'https://www.amazon.com/' successfully

27-01-2024T01:36:01 - [MESSAGE][PASSED] - Navigate to 'https://www.amazon.com/' successfully

27-01-2024T01:36:01 - [TEST_STEP][PASSED] - maximizeWindow(): Current window maximized

27-01-2024T01:36:02 - [MESSAGE][PASSED] - Current window maximized

27-01-2024T01:36:02 - [TEST_STEP][PASSED] - click(findTestObject("Object Repository/Amazon_Sign In_OR/Page_Amazon.com. Spend less. Smile more/span_Hello, sign in")): Object: 'Object Repository/Amazon_Sign In_OR/Page_Amazon.com. Spend less. Smile more/span_Hello, sign in' is clicked on

27-01-2024T01:36:06 - [MESSAGE][PASSED] - Object: 'Object Repository/Amazon_Sign In_OR/Page_Amazon.com. Spend less. Smile more/span_Hello, sign in' is clicked on

27-01-2024T01:36:06 - [TEST_STEP][PASSED] - setText(findTestObject("Object Repository/Amazon_Sign In_OR/Page_Amazon Sign-In/input_email"), "nitheeshaboggavarapu@gmail.com"): Text 'nitheeshaboggavarapu@gmail.com' is set on object 'Object Repository/Amazon_Sign In_OR/Page_Amazon Sign-In/input_email'

27-01-2024T01:36:07 - [MESSAGE][PASSED] - Text 'nitheeshaboggavarapu@gmail.com' is set on object 'Object Repository/Amazon_Sign In_OR/Page_Amazon Sign-In/input_email'

27-01-2024T01:36:07 - [TEST_STEP][PASSED] - click(findTestObject("Object Repository/Amazon_Sign In_OR/Page_Amazon Sign-In/inputcontinue")): Object: 'Object Repository/Amazon_Sign In_OR/Page_Amazon Sign-In/inputcontinue' is clicked on

27-01-2024T01:36:14 - [MESSAGE][PASSED] - Object: 'Object Repository/Amazon_Sign In_OR/Page_Amazon Sign-In/inputcontinue' is clicked on

27-01-2024T01:36:14 - [TEST_STEP][PASSED] - setEncryptedText(findTestObject("Object Repository/Amazon_Sign In_OR/Page_Amazon Sign-In/input_password"), "nRJItQ52hW9bpRr794Hihg=="): Text ****** has been set on object 'Object Repository/Amazon_Sign In_OR/Page_Amazon Sign-In/input_password'

27-01-2024T01:36:15 - [MESSAGE][PASSED] - Text ****** has been set on object 'Object Repository/Amazon_Sign In_OR/Page_Amazon Sign-In/input_password'

27-01-2024T01:36:15 - [TEST_STEP][PASSED] - click(findTestObject("Object Repository/Amazon_Sign In_OR/Page_Amazon Sign-In/inputsignInSubmit")): Object: 'Object Repository/Amazon_Sign In_OR/Page_Amazon Sign-In/inputsignInSubmit' is clicked on

27-01-2024T01:36:15 - [MESSAGE][PASSED] - Object: 'Object Repository/Amazon_Sign In_OR/Page_Amazon Sign-In/inputsignInSubmit' is clicked on

27-01-2024T01:36:15 - [TEST_STEP][PASSED] - closeBrowser(): Browser is closed

27-01-2024T01:36:16 - [MESSAGE][PASSED] - Browser is closed]]></system-out>
         <system-err><![CDATA[]]></system-err>
      </testcase>
      <testcase name="Test Cases/TC_Amazon_Validation/TC_Amazon_Search_003" time="27.669" classname="Test Cases/TC_Amazon_Validation/TC_Amazon_Search_003" status="PASSED">
         <system-out><![CDATA[27-01-2024T01:36:16 - [TEST_CASE][PASSED] - Test Cases/TC_Amazon_Validation/TC_Amazon_Search_003: Test Cases/TC_Amazon_Validation/TC_Amazon_Search_003

27-01-2024T01:36:16 - [TEST_STEP][PASSED] - openBrowser(""): Browser is opened with url: ''

27-01-2024T01:36:16 - [MESSAGE][INFO] - Starting 'Chrome' driver

27-01-2024T01:36:16 - [MESSAGE][INFO] - Action delay is set to 0 milliseconds

27-01-2024T01:36:23 - [MESSAGE][PASSED] - Browser is opened with url: ''

27-01-2024T01:36:23 - [TEST_STEP][PASSED] - navigateToUrl("https://www.amazon.com/"): Navigate to 'https://www.amazon.com/' successfully

27-01-2024T01:36:28 - [MESSAGE][PASSED] - Navigate to 'https://www.amazon.com/' successfully

27-01-2024T01:36:28 - [TEST_STEP][PASSED] - maximizeWindow(): Current window maximized

27-01-2024T01:36:28 - [MESSAGE][PASSED] - Current window maximized

27-01-2024T01:36:28 - [TEST_STEP][PASSED] - selectOptionByValue(findTestObject("Object Repository/Amazon_Search_OR/Page_Amazon.com. Spend less. Smile more/select_All Departments        Arts  Crafts _135c92"), "search-alias=baby-products-intl-ship", true): All options with value 'search-alias=baby-products-intl-ship' are selected in object 'Object Repository/Amazon_Search_OR/Page_Amazon.com. Spend less. Smile more/select_All Departments        Arts  Crafts _135c92'  using regular expression

27-01-2024T01:36:35 - [MESSAGE][PASSED] - All options with value 'search-alias=baby-products-intl-ship' are selected in object 'Object Repository/Amazon_Search_OR/Page_Amazon.com. Spend less. Smile more/select_All Departments        Arts  Crafts _135c92'  using regular expression

27-01-2024T01:36:35 - [TEST_STEP][PASSED] - setText(findTestObject("Object Repository/Amazon_Search_OR/Page_Amazon.com. Spend less. Smile more/input_field-keywords"), "Stroller"): Text 'Stroller' is set on object 'Object Repository/Amazon_Search_OR/Page_Amazon.com. Spend less. Smile more/input_field-keywords'

27-01-2024T01:36:36 - [MESSAGE][PASSED] - Text 'Stroller' is set on object 'Object Repository/Amazon_Search_OR/Page_Amazon.com. Spend less. Smile more/input_field-keywords'

27-01-2024T01:36:36 - [TEST_STEP][PASSED] - click(findTestObject("Object Repository/Amazon_Search_OR/Page_Amazon.com. Spend less. Smile more/inputnav-search-submit-button")): Object: 'Object Repository/Amazon_Search_OR/Page_Amazon.com. Spend less. Smile more/inputnav-search-submit-button' is clicked on

27-01-2024T01:36:43 - [MESSAGE][PASSED] - Object: 'Object Repository/Amazon_Search_OR/Page_Amazon.com. Spend less. Smile more/inputnav-search-submit-button' is clicked on

27-01-2024T01:36:43 - [TEST_STEP][PASSED] - closeBrowser(): Browser is closed

27-01-2024T01:36:43 - [MESSAGE][PASSED] - Browser is closed]]></system-out>
         <system-err><![CDATA[]]></system-err>
      </testcase>
      <testcase name="Test Cases/TC_Amazon_Validation/TC_Amazon_Add to Cart_004" time="42.94" classname="Test Cases/TC_Amazon_Validation/TC_Amazon_Add to Cart_004" status="PASSED">
         <system-out><![CDATA[27-01-2024T01:36:43 - [TEST_CASE][PASSED] - Test Cases/TC_Amazon_Validation/TC_Amazon_Add to Cart_004: Test Cases/TC_Amazon_Validation/TC_Amazon_Add to Cart_004

27-01-2024T01:36:43 - [TEST_STEP][PASSED] - openBrowser(""): Browser is opened with url: ''

27-01-2024T01:36:43 - [MESSAGE][INFO] - Starting 'Chrome' driver

27-01-2024T01:36:43 - [MESSAGE][INFO] - Action delay is set to 0 milliseconds

27-01-2024T01:36:44 - [MESSAGE][PASSED] - Browser is opened with url: ''

27-01-2024T01:36:44 - [TEST_STEP][PASSED] - navigateToUrl("https://www.amazon.com/"): Navigate to 'https://www.amazon.com/' successfully

27-01-2024T01:36:55 - [MESSAGE][PASSED] - Navigate to 'https://www.amazon.com/' successfully

27-01-2024T01:36:55 - [TEST_STEP][PASSED] - maximizeWindow(): Current window maximized

27-01-2024T01:36:55 - [MESSAGE][PASSED] - Current window maximized

27-01-2024T01:36:55 - [TEST_STEP][PASSED] - selectOptionByValue(findTestObject("Object Repository/Amazon_Add to Cart_OR/Page_Amazon.com. Spend less. Smile more/select_All Departments        Arts  Crafts _135c92"), "search-alias=electronics-intl-ship", true): All options with value 'search-alias=electronics-intl-ship' are selected in object 'Object Repository/Amazon_Add to Cart_OR/Page_Amazon.com. Spend less. Smile more/select_All Departments        Arts  Crafts _135c92'  using regular expression

27-01-2024T01:36:59 - [MESSAGE][PASSED] - All options with value 'search-alias=electronics-intl-ship' are selected in object 'Object Repository/Amazon_Add to Cart_OR/Page_Amazon.com. Spend less. Smile more/select_All Departments        Arts  Crafts _135c92'  using regular expression

27-01-2024T01:36:59 - [TEST_STEP][PASSED] - setText(findTestObject("Object Repository/Amazon_Add to Cart_OR/Page_Amazon.com. Spend less. Smile more/input_field-keywords"), "Mouse"): Text 'Mouse' is set on object 'Object Repository/Amazon_Add to Cart_OR/Page_Amazon.com. Spend less. Smile more/input_field-keywords'

27-01-2024T01:37:01 - [MESSAGE][PASSED] - Text 'Mouse' is set on object 'Object Repository/Amazon_Add to Cart_OR/Page_Amazon.com. Spend less. Smile more/input_field-keywords'

27-01-2024T01:37:01 - [TEST_STEP][PASSED] - click(findTestObject("Object Repository/Amazon_Add to Cart_OR/Page_Amazon.com. Spend less. Smile more/inputnav-search-submit-button")): Object: 'Object Repository/Amazon_Add to Cart_OR/Page_Amazon.com. Spend less. Smile more/inputnav-search-submit-button' is clicked on

27-01-2024T01:37:11 - [MESSAGE][PASSED] - Object: 'Object Repository/Amazon_Add to Cart_OR/Page_Amazon.com. Spend less. Smile more/inputnav-search-submit-button' is clicked on

27-01-2024T01:37:11 - [TEST_STEP][PASSED] - click(findTestObject("Object Repository/Amazon_Add to Cart_OR/Page_Amazon.com  Mouse/span_Amazon Basics 2.4 Ghz Wireless Optical_dbf87c")): Object: 'Object Repository/Amazon_Add to Cart_OR/Page_Amazon.com  Mouse/span_Amazon Basics 2.4 Ghz Wireless Optical_dbf87c' is clicked on

27-01-2024T01:37:20 - [MESSAGE][PASSED] - Object: 'Object Repository/Amazon_Add to Cart_OR/Page_Amazon.com  Mouse/span_Amazon Basics 2.4 Ghz Wireless Optical_dbf87c' is clicked on

27-01-2024T01:37:20 - [TEST_STEP][PASSED] - click(findTestObject("Object Repository/Amazon_Add to Cart_OR/Page_Amazon.com Amazon Basics 2.4 Ghz Wirel_3fd674/span_Quantity1")): Object: 'Object Repository/Amazon_Add to Cart_OR/Page_Amazon.com Amazon Basics 2.4 Ghz Wirel_3fd674/span_Quantity1' is clicked on

27-01-2024T01:37:21 - [MESSAGE][PASSED] - Object: 'Object Repository/Amazon_Add to Cart_OR/Page_Amazon.com Amazon Basics 2.4 Ghz Wirel_3fd674/span_Quantity1' is clicked on

27-01-2024T01:37:21 - [TEST_STEP][PASSED] - click(findTestObject("Object Repository/Amazon_Add to Cart_OR/Page_Amazon.com Amazon Basics 2.4 Ghz Wirel_3fd674/a_5")): Object: 'Object Repository/Amazon_Add to Cart_OR/Page_Amazon.com Amazon Basics 2.4 Ghz Wirel_3fd674/a_5' is clicked on

27-01-2024T01:37:21 - [MESSAGE][PASSED] - Object: 'Object Repository/Amazon_Add to Cart_OR/Page_Amazon.com Amazon Basics 2.4 Ghz Wirel_3fd674/a_5' is clicked on

27-01-2024T01:37:21 - [TEST_STEP][PASSED] - click(findTestObject("Object Repository/Amazon_Add to Cart_OR/Page_Amazon.com Amazon Basics 2.4 Ghz Wirel_3fd674/input_gift-wrap")): Object: 'Object Repository/Amazon_Add to Cart_OR/Page_Amazon.com Amazon Basics 2.4 Ghz Wirel_3fd674/input_gift-wrap' is clicked on

27-01-2024T01:37:23 - [MESSAGE][PASSED] - Object: 'Object Repository/Amazon_Add to Cart_OR/Page_Amazon.com Amazon Basics 2.4 Ghz Wirel_3fd674/input_gift-wrap' is clicked on

27-01-2024T01:37:23 - [TEST_STEP][PASSED] - click(findTestObject("Object Repository/Amazon_Add to Cart_OR/Page_Amazon.com Amazon Basics 2.4 Ghz Wirel_3fd674/input_submit.add-to-cart")): Object: 'Object Repository/Amazon_Add to Cart_OR/Page_Amazon.com Amazon Basics 2.4 Ghz Wirel_3fd674/input_submit.add-to-cart' is clicked on

27-01-2024T01:37:25 - [MESSAGE][PASSED] - Object: 'Object Repository/Amazon_Add to Cart_OR/Page_Amazon.com Amazon Basics 2.4 Ghz Wirel_3fd674/input_submit.add-to-cart' is clicked on

27-01-2024T01:37:25 - [TEST_STEP][PASSED] - closeBrowser(): Browser is closed

27-01-2024T01:37:26 - [MESSAGE][PASSED] - Browser is closed]]></system-out>
         <system-err><![CDATA[]]></system-err>
      </testcase>
      <testcase name="Test Cases/TC_Amazon_Validation/TC_Amazon_Orders_005" time="38.228" classname="Test Cases/TC_Amazon_Validation/TC_Amazon_Orders_005" status="PASSED">
         <system-out><![CDATA[27-01-2024T01:37:26 - [TEST_CASE][PASSED] - Test Cases/TC_Amazon_Validation/TC_Amazon_Orders_005: Test Cases/TC_Amazon_Validation/TC_Amazon_Orders_005

27-01-2024T01:37:26 - [TEST_STEP][PASSED] - openBrowser(""): Browser is opened with url: ''

27-01-2024T01:37:26 - [MESSAGE][INFO] - Starting 'Chrome' driver

27-01-2024T01:37:26 - [MESSAGE][INFO] - Action delay is set to 0 milliseconds

27-01-2024T01:37:31 - [MESSAGE][PASSED] - Browser is opened with url: ''

27-01-2024T01:37:31 - [TEST_STEP][PASSED] - navigateToUrl("https://www.amazon.com/"): Navigate to 'https://www.amazon.com/' successfully

27-01-2024T01:37:37 - [MESSAGE][PASSED] - Navigate to 'https://www.amazon.com/' successfully

27-01-2024T01:37:37 - [TEST_STEP][PASSED] - click(findTestObject("Object Repository/Amazon_Orders_OR/Page_Amazon.com. Spend less. Smile more/span_nav-cart-icon nav-sprite")): Object: 'Object Repository/Amazon_Orders_OR/Page_Amazon.com. Spend less. Smile more/span_nav-cart-icon nav-sprite' is clicked on

27-01-2024T01:37:43 - [MESSAGE][PASSED] - Object: 'Object Repository/Amazon_Orders_OR/Page_Amazon.com. Spend less. Smile more/span_nav-cart-icon nav-sprite' is clicked on

27-01-2024T01:37:43 - [TEST_STEP][PASSED] - click(findTestObject("Object Repository/Amazon_Orders_OR/Page_Amazon.com Shopping Cart/span_Sign in to your account")): Object: 'Object Repository/Amazon_Orders_OR/Page_Amazon.com Shopping Cart/span_Sign in to your account' is clicked on

27-01-2024T01:37:45 - [MESSAGE][PASSED] - Object: 'Object Repository/Amazon_Orders_OR/Page_Amazon.com Shopping Cart/span_Sign in to your account' is clicked on

27-01-2024T01:37:45 - [TEST_STEP][PASSED] - setText(findTestObject("Object Repository/Amazon_Orders_OR/Page_Amazon Sign-In/input_email"), "nitheeshaboggavarapu@gmail.com"): Text 'nitheeshaboggavarapu@gmail.com' is set on object 'Object Repository/Amazon_Orders_OR/Page_Amazon Sign-In/input_email'

27-01-2024T01:37:50 - [MESSAGE][PASSED] - Text 'nitheeshaboggavarapu@gmail.com' is set on object 'Object Repository/Amazon_Orders_OR/Page_Amazon Sign-In/input_email'

27-01-2024T01:37:50 - [TEST_STEP][PASSED] - click(findTestObject("Object Repository/Amazon_Orders_OR/Page_Amazon Sign-In/inputcontinue")): Object: 'Object Repository/Amazon_Orders_OR/Page_Amazon Sign-In/inputcontinue' is clicked on

27-01-2024T01:37:52 - [MESSAGE][PASSED] - Object: 'Object Repository/Amazon_Orders_OR/Page_Amazon Sign-In/inputcontinue' is clicked on

27-01-2024T01:37:52 - [TEST_STEP][PASSED] - setEncryptedText(findTestObject("Object Repository/Amazon_Orders_OR/Page_Amazon Sign-In/input_password"), "nRJItQ52hW9bpRr794Hihg=="): Text ****** has been set on object 'Object Repository/Amazon_Orders_OR/Page_Amazon Sign-In/input_password'

27-01-2024T01:37:54 - [MESSAGE][PASSED] - Text ****** has been set on object 'Object Repository/Amazon_Orders_OR/Page_Amazon Sign-In/input_password'

27-01-2024T01:37:54 - [TEST_STEP][PASSED] - click(findTestObject("Object Repository/Amazon_Orders_OR/Page_Amazon Sign-In/inputsignInSubmit")): Object: 'Object Repository/Amazon_Orders_OR/Page_Amazon Sign-In/inputsignInSubmit' is clicked on

27-01-2024T01:37:54 - [MESSAGE][PASSED] - Object: 'Object Repository/Amazon_Orders_OR/Page_Amazon Sign-In/inputsignInSubmit' is clicked on

27-01-2024T01:37:54 - [TEST_STEP][PASSED] - click(findTestObject("Object Repository/Amazon_Orders_OR/Page_Amazon.com Shopping Cart/input_proceedToRetailCheckout")): Object: 'Object Repository/Amazon_Orders_OR/Page_Amazon.com Shopping Cart/input_proceedToRetailCheckout' is clicked on

27-01-2024T01:38:04 - [MESSAGE][PASSED] - Object: 'Object Repository/Amazon_Orders_OR/Page_Amazon.com Shopping Cart/input_proceedToRetailCheckout' is clicked on

27-01-2024T01:38:04 - [TEST_STEP][PASSED] - closeBrowser(): Browser is closed

27-01-2024T01:38:04 - [MESSAGE][PASSED] - Browser is closed]]></system-out>
         <system-err><![CDATA[]]></system-err>
      </testcase>
      <system-out><![CDATA[27-01-2024T01:29:20 - [TEST_SUITE][PASSED] - Amazon_Test Suite: Test Cases/TC_Amazon_Validation/TC_Amazon_Orders_005]]></system-out>
      <system-err><![CDATA[]]></system-err>
   </testsuite>
   <testsuite name="Amazon_Test Suite" tests="5" failures="5" errors="0" time="43.971" skipped="0" timestamp="27-01-2024T01:29:28" hostname="Harini - DESKTOP-08P78B5" id="Test Suites/Amazon_Validation/Amazon_Test Suite">
      <properties>
         <property name="deviceName" value=""/>
         <property name="devicePlatform" value=""/>
         <property name="logFolder" value="C:\\Users\\Harini\\Katalon Studio\\Katalon_VIP_Amazon_Application_Testing\\Reports\\20240127_012855\\Amazon_Validation\\Amazon_Test Suite\\20240127_012907"/>
         <property name="logFiles" value="C:\\Users\\Harini\\Katalon Studio\\Katalon_VIP_Amazon_Application_Testing\\Reports\\20240127_012855\\Amazon_Validation\\Amazon_Test Suite\\20240127_012907\\execution0.log"/>
         <property name="attachments" value=""/>
         <property name="hostName" value="Harini - DESKTOP-08P78B5"/>
         <property name="hostAddress" value="192.168.1.40"/>
         <property name="os" value="Windows 11 64bit"/>
         <property name="katalonVersion" value="9.1.0.212"/>
      </properties>
      <testcase name="Test Cases/TC_Amazon_Validation/TC_Amazon_Registration_001" time="25.465" classname="Test Cases/TC_Amazon_Validation/TC_Amazon_Registration_001" status="FAILED">
         <failure type="FAILED" message="Test Cases/TC_Amazon_Validation/TC_Amazon_Registration_001 FAILED.&#xa;Reason:&#xa;com.kms.katalon.core.exception.StepFailedException: Unable to open browser with url: ''&#xa;	at com.kms.katalon.core.webui.keyword.internal.WebUIKeywordMain.stepFailed(WebUIKeywordMain.groovy:64)&#xa;	at com.kms.katalon.core.webui.keyword.internal.WebUIKeywordMain.runKeyword(WebUIKeywordMain.groovy:26)&#xa;	at com.kms.katalon.core.webui.keyword.builtin.OpenBrowserKeyword.openBrowser(OpenBrowserKeyword.groovy:81)&#xa;	at com.kms.katalon.core.webui.keyword.builtin.OpenBrowserKeyword.execute(OpenBrowserKeyword.groovy:67)&#xa;	at com.kms.katalon.core.keyword.internal.KeywordExecutor.executeKeywordForPlatform(KeywordExecutor.groovy:74)&#xa;	at com.kms.katalon.core.webui.keyword.WebUiBuiltInKeywords.openBrowser(WebUiBuiltInKeywords.groovy:64)&#xa;	at TC_Amazon_Registration_001.run(TC_Amazon_Registration_001:20)&#xa;	at com.kms.katalon.core.main.ScriptEngine.run(ScriptEngine.java:194)&#xa;	at com.kms.katalon.core.main.ScriptEngine.runScriptAsRawText(ScriptEngine.java:119)&#xa;	at com.kms.katalon.core.main.TestCaseExecutor.runScript(TestCaseExecutor.java:448)&#xa;	at com.kms.katalon.core.main.TestCaseExecutor.doExecute(TestCaseExecutor.java:439)&#xa;	at com.kms.katalon.core.main.TestCaseExecutor.processExecutionPhase(TestCaseExecutor.java:418)&#xa;	at com.kms.katalon.core.main.TestCaseExecutor.accessMainPhase(TestCaseExecutor.java:410)&#xa;	at com.kms.katalon.core.main.TestCaseExecutor.execute(TestCaseExecutor.java:285)&#xa;	at com.kms.katalon.core.common.CommonExecutor.accessTestCaseMainPhase(CommonExecutor.java:65)&#xa;	at com.kms.katalon.core.main.TestSuiteExecutor.accessTestSuiteMainPhase(TestSuiteExecutor.java:148)&#xa;	at com.kms.katalon.core.main.TestSuiteExecutor.execute(TestSuiteExecutor.java:106)&#xa;	at com.kms.katalon.core.main.TestCaseMain.startTestSuite(TestCaseMain.java:180)&#xa;	at TempTestSuite1706299147185.run(TempTestSuite1706299147185.groovy:36)&#xa;	at java.base/jdk.internal.reflect.NativeMethodAccessorImpl.invoke0(Native Method)&#xa;	at java.base/jdk.internal.reflect.NativeMethodAccessorImpl.invoke(NativeMethodAccessorImpl.java:77)&#xa;	at java.base/jdk.internal.reflect.DelegatingMethodAccessorImpl.invoke(DelegatingMethodAccessorImpl.java:43)&#xa;Caused by: org.openqa.selenium.SessionNotCreatedException: session not created: This version of Microsoft Edge WebDriver only supports Microsoft Edge version 119&#xa;Current browser version is 121.0.2277.83 with binary path C:\Program Files (x86)\Microsoft\Edge\Application\msedge.exe&#xa;Build info: version: '3.141.59', revision: 'e82be7d358', time: '2018-11-14T08:25:53'&#xa;System info: host: 'DESKTOP-08P78B5', ip: '192.168.1.40', os.name: 'Windows 11', os.arch: 'amd64', os.version: '10.0', java.version: '17.0.7'&#xa;Driver info: driver.version: CEdgeDriver&#xa;remote stacktrace: 	GetHandleVerifier [0x00007FF69A9725B2+60402]&#xa;	Microsoft::Applications::Events::ILogConfiguration::operator* [0x00007FF69A8F7302+253666]&#xa;	(No symbol) [0x00007FF69A6C9C99]&#xa;	(No symbol) [0x00007FF69A70907D]&#xa;	(No symbol) [0x00007FF69A708279]&#xa;	(No symbol) [0x00007FF69A701E65]&#xa;	(No symbol) [0x00007FF69A6FD18B]&#xa;	(No symbol) [0x00007FF69A74423F]&#xa;	(No symbol) [0x00007FF69A73B863]&#xa;	(No symbol) [0x00007FF69A70C585]&#xa;	(No symbol) [0x00007FF69A70B993]&#xa;	(No symbol) [0x00007FF69A70CD14]&#xa;	Microsoft::Applications::Events::EventProperty::to_string [0x00007FF69AB53454+1161924]&#xa;	(No symbol) [0x00007FF69A78E5F6]&#xa;	Microsoft::Applications::Events::EventProperty::~EventProperty [0x00007FF69A84B083+37459]&#xa;	Microsoft::Applications::Events::EventProperty::~EventProperty [0x00007FF69A842C4D+3613]&#xa;	Microsoft::Applications::Events::EventProperty::to_string [0x00007FF69AB52194+1157124]&#xa;	Microsoft::Applications::Events::ILogConfiguration::operator* [0x00007FF69A901658+295480]&#xa;	Microsoft::Applications::Events::ILogConfiguration::operator* [0x00007FF69A8FCB24+276228]&#xa;	Microsoft::Applications::Events::ILogConfiguration::operator* [0x00007FF69A8FCC52+276530]&#xa;	Microsoft::Applications::Events::ILogConfiguration::operator* [0x00007FF69A8EFA41+222753]&#xa;	BaseThreadInitThunk [0x00007FFABF8B257D+29]&#xa;	RtlUserThreadStart [0x00007FFAC0EEAA58+40]&#xa;&#xa;	at java.base/jdk.internal.reflect.NativeConstructorAccessorImpl.newInstance0(Native Method)&#xa;	at java.base/jdk.internal.reflect.NativeConstructorAccessorImpl.newInstance(NativeConstructorAccessorImpl.java:77)&#xa;	at java.base/jdk.internal.reflect.DelegatingConstructorAccessorImpl.newInstance(DelegatingConstructorAccessorImpl.java:45)&#xa;	at org.openqa.selenium.remote.W3CHandshakeResponse.lambda$errorHandler$0(W3CHandshakeResponse.java:62)&#xa;	at org.openqa.selenium.remote.HandshakeResponse.lambda$getResponseFunction$0(HandshakeResponse.java:30)&#xa;	at org.openqa.selenium.remote.ProtocolHandshake.lambda$createSession$0(ProtocolHandshake.java:126)&#xa;	at org.openqa.selenium.remote.ProtocolHandshake.createSession(ProtocolHandshake.java:128)&#xa;	at org.openqa.selenium.remote.ProtocolHandshake.createSession(ProtocolHandshake.java:74)&#xa;	at org.openqa.selenium.remote.HttpCommandExecutor.execute(HttpCommandExecutor.java:136)&#xa;	at org.openqa.selenium.remote.service.DriverCommandExecutor.execute(DriverCommandExecutor.java:83)&#xa;	at org.openqa.selenium.remote.RemoteWebDriver.execute(RemoteWebDriver.java:552)&#xa;	at com.kms.katalon.selenium.driver.CEdgeDriver.execute(CEdgeDriver.java:20)&#xa;	at org.openqa.selenium.remote.RemoteWebDriver.startSession(RemoteWebDriver.java:213)&#xa;	at org.openqa.selenium.remote.RemoteWebDriver.&lt;init>(RemoteWebDriver.java:131)&#xa;	at org.openqa.selenium.edge.EdgeDriver.&lt;init>(EdgeDriver.java:154)&#xa;	at com.kms.katalon.selenium.driver.CEdgeDriver.&lt;init>(CEdgeDriver.java:14)&#xa;	at com.kms.katalon.core.webui.driver.DriverFactory.createNewEdgeChromiumDriver(DriverFactory.java:675)&#xa;	at com.kms.katalon.core.webui.driver.DriverFactory.startNewBrowser(DriverFactory.java:390)&#xa;	at com.kms.katalon.core.webui.driver.DriverFactory.openWebDriver(DriverFactory.java:264)&#xa;	at com.kms.katalon.core.webui.keyword.builtin.OpenBrowserKeyword$_openBrowser_closure1.doCall(OpenBrowserKeyword.groovy:74)&#xa;	at com.kms.katalon.core.webui.keyword.builtin.OpenBrowserKeyword$_openBrowser_closure1.call(OpenBrowserKeyword.groovy)&#xa;	at com.kms.katalon.core.webui.keyword.internal.WebUIKeywordMain.runKeyword(WebUIKeywordMain.groovy:20)&#xa;	... 20 more&#xa;"/>
         <system-out><![CDATA[27-01-2024T01:29:29 - [TEST_CASE][FAILED] - Test Cases/TC_Amazon_Validation/TC_Amazon_Registration_001: Test Cases/TC_Amazon_Validation/TC_Amazon_Registration_001 FAILED.
Reason:
com.kms.katalon.core.exception.StepFailedException: Unable to open browser with url: ''
	at com.kms.katalon.core.webui.keyword.internal.WebUIKeywordMain.stepFailed(WebUIKeywordMain.groovy:64)
	at com.kms.katalon.core.webui.keyword.internal.WebUIKeywordMain.runKeyword(WebUIKeywordMain.groovy:26)
	at com.kms.katalon.core.webui.keyword.builtin.OpenBrowserKeyword.openBrowser(OpenBrowserKeyword.groovy:81)
	at com.kms.katalon.core.webui.keyword.builtin.OpenBrowserKeyword.execute(OpenBrowserKeyword.groovy:67)
	at com.kms.katalon.core.keyword.internal.KeywordExecutor.executeKeywordForPlatform(KeywordExecutor.groovy:74)
	at com.kms.katalon.core.webui.keyword.WebUiBuiltInKeywords.openBrowser(WebUiBuiltInKeywords.groovy:64)
	at TC_Amazon_Registration_001.run(TC_Amazon_Registration_001:20)
	at com.kms.katalon.core.main.ScriptEngine.run(ScriptEngine.java:194)
	at com.kms.katalon.core.main.ScriptEngine.runScriptAsRawText(ScriptEngine.java:119)
	at com.kms.katalon.core.main.TestCaseExecutor.runScript(TestCaseExecutor.java:448)
	at com.kms.katalon.core.main.TestCaseExecutor.doExecute(TestCaseExecutor.java:439)
	at com.kms.katalon.core.main.TestCaseExecutor.processExecutionPhase(TestCaseExecutor.java:418)
	at com.kms.katalon.core.main.TestCaseExecutor.accessMainPhase(TestCaseExecutor.java:410)
	at com.kms.katalon.core.main.TestCaseExecutor.execute(TestCaseExecutor.java:285)
	at com.kms.katalon.core.common.CommonExecutor.accessTestCaseMainPhase(CommonExecutor.java:65)
	at com.kms.katalon.core.main.TestSuiteExecutor.accessTestSuiteMainPhase(TestSuiteExecutor.java:148)
	at com.kms.katalon.core.main.TestSuiteExecutor.execute(TestSuiteExecutor.java:106)
	at com.kms.katalon.core.main.TestCaseMain.startTestSuite(TestCaseMain.java:180)
	at TempTestSuite1706299147185.run(TempTestSuite1706299147185.groovy:36)
	at java.base/jdk.internal.reflect.NativeMethodAccessorImpl.invoke0(Native Method)
	at java.base/jdk.internal.reflect.NativeMethodAccessorImpl.invoke(NativeMethodAccessorImpl.java:77)
	at java.base/jdk.internal.reflect.DelegatingMethodAccessorImpl.invoke(DelegatingMethodAccessorImpl.java:43)
Caused by: org.openqa.selenium.SessionNotCreatedException: session not created: This version of Microsoft Edge WebDriver only supports Microsoft Edge version 119
Current browser version is 121.0.2277.83 with binary path C:\Program Files (x86)\Microsoft\Edge\Application\msedge.exe
Build info: version: '3.141.59', revision: 'e82be7d358', time: '2018-11-14T08:25:53'
System info: host: 'DESKTOP-08P78B5', ip: '192.168.1.40', os.name: 'Windows 11', os.arch: 'amd64', os.version: '10.0', java.version: '17.0.7'
Driver info: driver.version: CEdgeDriver
remote stacktrace: 	GetHandleVerifier [0x00007FF69A9725B2+60402]
	Microsoft::Applications::Events::ILogConfiguration::operator* [0x00007FF69A8F7302+253666]
	(No symbol) [0x00007FF69A6C9C99]
	(No symbol) [0x00007FF69A70907D]
	(No symbol) [0x00007FF69A708279]
	(No symbol) [0x00007FF69A701E65]
	(No symbol) [0x00007FF69A6FD18B]
	(No symbol) [0x00007FF69A74423F]
	(No symbol) [0x00007FF69A73B863]
	(No symbol) [0x00007FF69A70C585]
	(No symbol) [0x00007FF69A70B993]
	(No symbol) [0x00007FF69A70CD14]
	Microsoft::Applications::Events::EventProperty::to_string [0x00007FF69AB53454+1161924]
	(No symbol) [0x00007FF69A78E5F6]
	Microsoft::Applications::Events::EventProperty::~EventProperty [0x00007FF69A84B083+37459]
	Microsoft::Applications::Events::EventProperty::~EventProperty [0x00007FF69A842C4D+3613]
	Microsoft::Applications::Events::EventProperty::to_string [0x00007FF69AB52194+1157124]
	Microsoft::Applications::Events::ILogConfiguration::operator* [0x00007FF69A901658+295480]
	Microsoft::Applications::Events::ILogConfiguration::operator* [0x00007FF69A8FCB24+276228]
	Microsoft::Applications::Events::ILogConfiguration::operator* [0x00007FF69A8FCC52+276530]
	Microsoft::Applications::Events::ILogConfiguration::operator* [0x00007FF69A8EFA41+222753]
	BaseThreadInitThunk [0x00007FFABF8B257D+29]
	RtlUserThreadStart [0x00007FFAC0EEAA58+40]

	at java.base/jdk.internal.reflect.NativeConstructorAccessorImpl.newInstance0(Native Method)
	at java.base/jdk.internal.reflect.NativeConstructorAccessorImpl.newInstance(NativeConstructorAccessorImpl.java:77)
	at java.base/jdk.internal.reflect.DelegatingConstructorAccessorImpl.newInstance(DelegatingConstructorAccessorImpl.java:45)
	at org.openqa.selenium.remote.W3CHandshakeResponse.lambda$errorHandler$0(W3CHandshakeResponse.java:62)
	at org.openqa.selenium.remote.HandshakeResponse.lambda$getResponseFunction$0(HandshakeResponse.java:30)
	at org.openqa.selenium.remote.ProtocolHandshake.lambda$createSession$0(ProtocolHandshake.java:126)
	at org.openqa.selenium.remote.ProtocolHandshake.createSession(ProtocolHandshake.java:128)
	at org.openqa.selenium.remote.ProtocolHandshake.createSession(ProtocolHandshake.java:74)
	at org.openqa.selenium.remote.HttpCommandExecutor.execute(HttpCommandExecutor.java:136)
	at org.openqa.selenium.remote.service.DriverCommandExecutor.execute(DriverCommandExecutor.java:83)
	at org.openqa.selenium.remote.RemoteWebDriver.execute(RemoteWebDriver.java:552)
	at com.kms.katalon.selenium.driver.CEdgeDriver.execute(CEdgeDriver.java:20)
	at org.openqa.selenium.remote.RemoteWebDriver.startSession(RemoteWebDriver.java:213)
	at org.openqa.selenium.remote.RemoteWebDriver.<init>(RemoteWebDriver.java:131)
	at org.openqa.selenium.edge.EdgeDriver.<init>(EdgeDriver.java:154)
	at com.kms.katalon.selenium.driver.CEdgeDriver.<init>(CEdgeDriver.java:14)
	at com.kms.katalon.core.webui.driver.DriverFactory.createNewEdgeChromiumDriver(DriverFactory.java:675)
	at com.kms.katalon.core.webui.driver.DriverFactory.startNewBrowser(DriverFactory.java:390)
	at com.kms.katalon.core.webui.driver.DriverFactory.openWebDriver(DriverFactory.java:264)
	at com.kms.katalon.core.webui.keyword.builtin.OpenBrowserKeyword$_openBrowser_closure1.doCall(OpenBrowserKeyword.groovy:74)
	at com.kms.katalon.core.webui.keyword.builtin.OpenBrowserKeyword$_openBrowser_closure1.call(OpenBrowserKeyword.groovy)
	at com.kms.katalon.core.webui.keyword.internal.WebUIKeywordMain.runKeyword(WebUIKeywordMain.groovy:20)
	... 20 more


27-01-2024T01:29:29 - [TEST_STEP][FAILED] - openBrowser(""): Unable to open browser with url: '' (Root cause: com.kms.katalon.core.exception.StepFailedException: Unable to open browser with url: ''
	at com.kms.katalon.core.webui.keyword.internal.WebUIKeywordMain.stepFailed(WebUIKeywordMain.groovy:64)
	at com.kms.katalon.core.webui.keyword.internal.WebUIKeywordMain.runKeyword(WebUIKeywordMain.groovy:26)
	at com.kms.katalon.core.webui.keyword.builtin.OpenBrowserKeyword.openBrowser(OpenBrowserKeyword.groovy:81)
	at com.kms.katalon.core.webui.keyword.builtin.OpenBrowserKeyword.execute(OpenBrowserKeyword.groovy:67)
	at com.kms.katalon.core.keyword.internal.KeywordExecutor.executeKeywordForPlatform(KeywordExecutor.groovy:74)
	at com.kms.katalon.core.webui.keyword.WebUiBuiltInKeywords.openBrowser(WebUiBuiltInKeywords.groovy:64)
	at TC_Amazon_Registration_001.run(TC_Amazon_Registration_001:20)
	at com.kms.katalon.core.main.ScriptEngine.run(ScriptEngine.java:194)
	at com.kms.katalon.core.main.ScriptEngine.runScriptAsRawText(ScriptEngine.java:119)
	at com.kms.katalon.core.main.TestCaseExecutor.runScript(TestCaseExecutor.java:448)
	at com.kms.katalon.core.main.TestCaseExecutor.doExecute(TestCaseExecutor.java:439)
	at com.kms.katalon.core.main.TestCaseExecutor.processExecutionPhase(TestCaseExecutor.java:418)
	at com.kms.katalon.core.main.TestCaseExecutor.accessMainPhase(TestCaseExecutor.java:410)
	at com.kms.katalon.core.main.TestCaseExecutor.execute(TestCaseExecutor.java:285)
	at com.kms.katalon.core.common.CommonExecutor.accessTestCaseMainPhase(CommonExecutor.java:65)
	at com.kms.katalon.core.main.TestSuiteExecutor.accessTestSuiteMainPhase(TestSuiteExecutor.java:148)
	at com.kms.katalon.core.main.TestSuiteExecutor.execute(TestSuiteExecutor.java:106)
	at com.kms.katalon.core.main.TestCaseMain.startTestSuite(TestCaseMain.java:180)
	at TempTestSuite1706299147185.run(TempTestSuite1706299147185.groovy:36)
	at java.base/jdk.internal.reflect.NativeMethodAccessorImpl.invoke0(Native Method)
	at java.base/jdk.internal.reflect.NativeMethodAccessorImpl.invoke(NativeMethodAccessorImpl.java:77)
	at java.base/jdk.internal.reflect.DelegatingMethodAccessorImpl.invoke(DelegatingMethodAccessorImpl.java:43)
Caused by: org.openqa.selenium.SessionNotCreatedException: session not created: This version of Microsoft Edge WebDriver only supports Microsoft Edge version 119
Current browser version is 121.0.2277.83 with binary path C:\Program Files (x86)\Microsoft\Edge\Application\msedge.exe
Build info: version: '3.141.59', revision: 'e82be7d358', time: '2018-11-14T08:25:53'
System info: host: 'DESKTOP-08P78B5', ip: '192.168.1.40', os.name: 'Windows 11', os.arch: 'amd64', os.version: '10.0', java.version: '17.0.7'
Driver info: driver.version: CEdgeDriver
remote stacktrace: 	GetHandleVerifier [0x00007FF69A9725B2+60402]
	Microsoft::Applications::Events::ILogConfiguration::operator* [0x00007FF69A8F7302+253666]
	(No symbol) [0x00007FF69A6C9C99]
	(No symbol) [0x00007FF69A70907D]
	(No symbol) [0x00007FF69A708279]
	(No symbol) [0x00007FF69A701E65]
	(No symbol) [0x00007FF69A6FD18B]
	(No symbol) [0x00007FF69A74423F]
	(No symbol) [0x00007FF69A73B863]
	(No symbol) [0x00007FF69A70C585]
	(No symbol) [0x00007FF69A70B993]
	(No symbol) [0x00007FF69A70CD14]
	Microsoft::Applications::Events::EventProperty::to_string [0x00007FF69AB53454+1161924]
	(No symbol) [0x00007FF69A78E5F6]
	Microsoft::Applications::Events::EventProperty::~EventProperty [0x00007FF69A84B083+37459]
	Microsoft::Applications::Events::EventProperty::~EventProperty [0x00007FF69A842C4D+3613]
	Microsoft::Applications::Events::EventProperty::to_string [0x00007FF69AB52194+1157124]
	Microsoft::Applications::Events::ILogConfiguration::operator* [0x00007FF69A901658+295480]
	Microsoft::Applications::Events::ILogConfiguration::operator* [0x00007FF69A8FCB24+276228]
	Microsoft::Applications::Events::ILogConfiguration::operator* [0x00007FF69A8FCC52+276530]
	Microsoft::Applications::Events::ILogConfiguration::operator* [0x00007FF69A8EFA41+222753]
	BaseThreadInitThunk [0x00007FFABF8B257D+29]
	RtlUserThreadStart [0x00007FFAC0EEAA58+40]

	at java.base/jdk.internal.reflect.NativeConstructorAccessorImpl.newInstance0(Native Method)
	at java.base/jdk.internal.reflect.NativeConstructorAccessorImpl.newInstance(NativeConstructorAccessorImpl.java:77)
	at java.base/jdk.internal.reflect.DelegatingConstructorAccessorImpl.newInstance(DelegatingConstructorAccessorImpl.java:45)
	at org.openqa.selenium.remote.W3CHandshakeResponse.lambda$errorHandler$0(W3CHandshakeResponse.java:62)
	at org.openqa.selenium.remote.HandshakeResponse.lambda$getResponseFunction$0(HandshakeResponse.java:30)
	at org.openqa.selenium.remote.ProtocolHandshake.lambda$createSession$0(ProtocolHandshake.java:126)
	at org.openqa.selenium.remote.ProtocolHandshake.createSession(ProtocolHandshake.java:128)
	at org.openqa.selenium.remote.ProtocolHandshake.createSession(ProtocolHandshake.java:74)
	at org.openqa.selenium.remote.HttpCommandExecutor.execute(HttpCommandExecutor.java:136)
	at org.openqa.selenium.remote.service.DriverCommandExecutor.execute(DriverCommandExecutor.java:83)
	at org.openqa.selenium.remote.RemoteWebDriver.execute(RemoteWebDriver.java:552)
	at com.kms.katalon.selenium.driver.CEdgeDriver.execute(CEdgeDriver.java:20)
	at org.openqa.selenium.remote.RemoteWebDriver.startSession(RemoteWebDriver.java:213)
	at org.openqa.selenium.remote.RemoteWebDriver.<init>(RemoteWebDriver.java:131)
	at org.openqa.selenium.edge.EdgeDriver.<init>(EdgeDriver.java:154)
	at com.kms.katalon.selenium.driver.CEdgeDriver.<init>(CEdgeDriver.java:14)
	at com.kms.katalon.core.webui.driver.DriverFactory.createNewEdgeChromiumDriver(DriverFactory.java:675)
	at com.kms.katalon.core.webui.driver.DriverFactory.startNewBrowser(DriverFactory.java:390)
	at com.kms.katalon.core.webui.driver.DriverFactory.openWebDriver(DriverFactory.java:264)
	at com.kms.katalon.core.webui.keyword.builtin.OpenBrowserKeyword$_openBrowser_closure1.doCall(OpenBrowserKeyword.groovy:74)
	at com.kms.katalon.core.webui.keyword.builtin.OpenBrowserKeyword$_openBrowser_closure1.call(OpenBrowserKeyword.groovy)
	at com.kms.katalon.core.webui.keyword.internal.WebUIKeywordMain.runKeyword(WebUIKeywordMain.groovy:20)
	at com.kms.katalon.core.webui.keyword.builtin.OpenBrowserKeyword.openBrowser(OpenBrowserKeyword.groovy:81)
	at com.kms.katalon.core.webui.keyword.builtin.OpenBrowserKeyword.execute(OpenBrowserKeyword.groovy:67)
	at com.kms.katalon.core.keyword.internal.KeywordExecutor.executeKeywordForPlatform(KeywordExecutor.groovy:74)
	at com.kms.katalon.core.webui.keyword.WebUiBuiltInKeywords.openBrowser(WebUiBuiltInKeywords.groovy:64)
	at Script1706288655671.run(Script1706288655671.groovy:20)
	... 15 more
)

27-01-2024T01:29:30 - [MESSAGE][INFO] - Starting 'Edge Chromium' driver

27-01-2024T01:29:33 - [MESSAGE][INFO] - Action delay is set to 0 milliseconds

27-01-2024T01:29:54 - [MESSAGE][FAILED] - Unable to open browser with url: '' (Root cause: com.kms.katalon.core.exception.StepFailedException: Unable to open browser with url: ''
	at com.kms.katalon.core.webui.keyword.internal.WebUIKeywordMain.stepFailed(WebUIKeywordMain.groovy:64)
	at com.kms.katalon.core.webui.keyword.internal.WebUIKeywordMain.runKeyword(WebUIKeywordMain.groovy:26)
	at com.kms.katalon.core.webui.keyword.builtin.OpenBrowserKeyword.openBrowser(OpenBrowserKeyword.groovy:81)
	at com.kms.katalon.core.webui.keyword.builtin.OpenBrowserKeyword.execute(OpenBrowserKeyword.groovy:67)
	at com.kms.katalon.core.keyword.internal.KeywordExecutor.executeKeywordForPlatform(KeywordExecutor.groovy:74)
	at com.kms.katalon.core.webui.keyword.WebUiBuiltInKeywords.openBrowser(WebUiBuiltInKeywords.groovy:64)
	at TC_Amazon_Registration_001.run(TC_Amazon_Registration_001:20)
	at com.kms.katalon.core.main.ScriptEngine.run(ScriptEngine.java:194)
	at com.kms.katalon.core.main.ScriptEngine.runScriptAsRawText(ScriptEngine.java:119)
	at com.kms.katalon.core.main.TestCaseExecutor.runScript(TestCaseExecutor.java:448)
	at com.kms.katalon.core.main.TestCaseExecutor.doExecute(TestCaseExecutor.java:439)
	at com.kms.katalon.core.main.TestCaseExecutor.processExecutionPhase(TestCaseExecutor.java:418)
	at com.kms.katalon.core.main.TestCaseExecutor.accessMainPhase(TestCaseExecutor.java:410)
	at com.kms.katalon.core.main.TestCaseExecutor.execute(TestCaseExecutor.java:285)
	at com.kms.katalon.core.common.CommonExecutor.accessTestCaseMainPhase(CommonExecutor.java:65)
	at com.kms.katalon.core.main.TestSuiteExecutor.accessTestSuiteMainPhase(TestSuiteExecutor.java:148)
	at com.kms.katalon.core.main.TestSuiteExecutor.execute(TestSuiteExecutor.java:106)
	at com.kms.katalon.core.main.TestCaseMain.startTestSuite(TestCaseMain.java:180)
	at TempTestSuite1706299147185.run(TempTestSuite1706299147185.groovy:36)
	at java.base/jdk.internal.reflect.NativeMethodAccessorImpl.invoke0(Native Method)
	at java.base/jdk.internal.reflect.NativeMethodAccessorImpl.invoke(NativeMethodAccessorImpl.java:77)
	at java.base/jdk.internal.reflect.DelegatingMethodAccessorImpl.invoke(DelegatingMethodAccessorImpl.java:43)
Caused by: org.openqa.selenium.SessionNotCreatedException: session not created: This version of Microsoft Edge WebDriver only supports Microsoft Edge version 119
Current browser version is 121.0.2277.83 with binary path C:\Program Files (x86)\Microsoft\Edge\Application\msedge.exe
Build info: version: '3.141.59', revision: 'e82be7d358', time: '2018-11-14T08:25:53'
System info: host: 'DESKTOP-08P78B5', ip: '192.168.1.40', os.name: 'Windows 11', os.arch: 'amd64', os.version: '10.0', java.version: '17.0.7'
Driver info: driver.version: CEdgeDriver
remote stacktrace: 	GetHandleVerifier [0x00007FF69A9725B2+60402]
	Microsoft::Applications::Events::ILogConfiguration::operator* [0x00007FF69A8F7302+253666]
	(No symbol) [0x00007FF69A6C9C99]
	(No symbol) [0x00007FF69A70907D]
	(No symbol) [0x00007FF69A708279]
	(No symbol) [0x00007FF69A701E65]
	(No symbol) [0x00007FF69A6FD18B]
	(No symbol) [0x00007FF69A74423F]
	(No symbol) [0x00007FF69A73B863]
	(No symbol) [0x00007FF69A70C585]
	(No symbol) [0x00007FF69A70B993]
	(No symbol) [0x00007FF69A70CD14]
	Microsoft::Applications::Events::EventProperty::to_string [0x00007FF69AB53454+1161924]
	(No symbol) [0x00007FF69A78E5F6]
	Microsoft::Applications::Events::EventProperty::~EventProperty [0x00007FF69A84B083+37459]
	Microsoft::Applications::Events::EventProperty::~EventProperty [0x00007FF69A842C4D+3613]
	Microsoft::Applications::Events::EventProperty::to_string [0x00007FF69AB52194+1157124]
	Microsoft::Applications::Events::ILogConfiguration::operator* [0x00007FF69A901658+295480]
	Microsoft::Applications::Events::ILogConfiguration::operator* [0x00007FF69A8FCB24+276228]
	Microsoft::Applications::Events::ILogConfiguration::operator* [0x00007FF69A8FCC52+276530]
	Microsoft::Applications::Events::ILogConfiguration::operator* [0x00007FF69A8EFA41+222753]
	BaseThreadInitThunk [0x00007FFABF8B257D+29]
	RtlUserThreadStart [0x00007FFAC0EEAA58+40]

	at java.base/jdk.internal.reflect.NativeConstructorAccessorImpl.newInstance0(Native Method)
	at java.base/jdk.internal.reflect.NativeConstructorAccessorImpl.newInstance(NativeConstructorAccessorImpl.java:77)
	at java.base/jdk.internal.reflect.DelegatingConstructorAccessorImpl.newInstance(DelegatingConstructorAccessorImpl.java:45)
	at org.openqa.selenium.remote.W3CHandshakeResponse.lambda$errorHandler$0(W3CHandshakeResponse.java:62)
	at org.openqa.selenium.remote.HandshakeResponse.lambda$getResponseFunction$0(HandshakeResponse.java:30)
	at org.openqa.selenium.remote.ProtocolHandshake.lambda$createSession$0(ProtocolHandshake.java:126)
	at org.openqa.selenium.remote.ProtocolHandshake.createSession(ProtocolHandshake.java:128)
	at org.openqa.selenium.remote.ProtocolHandshake.createSession(ProtocolHandshake.java:74)
	at org.openqa.selenium.remote.HttpCommandExecutor.execute(HttpCommandExecutor.java:136)
	at org.openqa.selenium.remote.service.DriverCommandExecutor.execute(DriverCommandExecutor.java:83)
	at org.openqa.selenium.remote.RemoteWebDriver.execute(RemoteWebDriver.java:552)
	at com.kms.katalon.selenium.driver.CEdgeDriver.execute(CEdgeDriver.java:20)
	at org.openqa.selenium.remote.RemoteWebDriver.startSession(RemoteWebDriver.java:213)
	at org.openqa.selenium.remote.RemoteWebDriver.<init>(RemoteWebDriver.java:131)
	at org.openqa.selenium.edge.EdgeDriver.<init>(EdgeDriver.java:154)
	at com.kms.katalon.selenium.driver.CEdgeDriver.<init>(CEdgeDriver.java:14)
	at com.kms.katalon.core.webui.driver.DriverFactory.createNewEdgeChromiumDriver(DriverFactory.java:675)
	at com.kms.katalon.core.webui.driver.DriverFactory.startNewBrowser(DriverFactory.java:390)
	at com.kms.katalon.core.webui.driver.DriverFactory.openWebDriver(DriverFactory.java:264)
	at com.kms.katalon.core.webui.keyword.builtin.OpenBrowserKeyword$_openBrowser_closure1.doCall(OpenBrowserKeyword.groovy:74)
	at com.kms.katalon.core.webui.keyword.builtin.OpenBrowserKeyword$_openBrowser_closure1.call(OpenBrowserKeyword.groovy)
	at com.kms.katalon.core.webui.keyword.internal.WebUIKeywordMain.runKeyword(WebUIKeywordMain.groovy:20)
	at com.kms.katalon.core.webui.keyword.builtin.OpenBrowserKeyword.openBrowser(OpenBrowserKeyword.groovy:81)
	at com.kms.katalon.core.webui.keyword.builtin.OpenBrowserKeyword.execute(OpenBrowserKeyword.groovy:67)
	at com.kms.katalon.core.keyword.internal.KeywordExecutor.executeKeywordForPlatform(KeywordExecutor.groovy:74)
	at com.kms.katalon.core.webui.keyword.WebUiBuiltInKeywords.openBrowser(WebUiBuiltInKeywords.groovy:64)
	at Script1706288655671.run(Script1706288655671.groovy:20)
	... 15 more
)]]></system-out>
         <system-err><![CDATA[27-01-2024T01:29:29 - [TEST_CASE][FAILED] - Test Cases/TC_Amazon_Validation/TC_Amazon_Registration_001: Test Cases/TC_Amazon_Validation/TC_Amazon_Registration_001 FAILED.
Reason:
com.kms.katalon.core.exception.StepFailedException: Unable to open browser with url: ''
	at com.kms.katalon.core.webui.keyword.internal.WebUIKeywordMain.stepFailed(WebUIKeywordMain.groovy:64)
	at com.kms.katalon.core.webui.keyword.internal.WebUIKeywordMain.runKeyword(WebUIKeywordMain.groovy:26)
	at com.kms.katalon.core.webui.keyword.builtin.OpenBrowserKeyword.openBrowser(OpenBrowserKeyword.groovy:81)
	at com.kms.katalon.core.webui.keyword.builtin.OpenBrowserKeyword.execute(OpenBrowserKeyword.groovy:67)
	at com.kms.katalon.core.keyword.internal.KeywordExecutor.executeKeywordForPlatform(KeywordExecutor.groovy:74)
	at com.kms.katalon.core.webui.keyword.WebUiBuiltInKeywords.openBrowser(WebUiBuiltInKeywords.groovy:64)
	at TC_Amazon_Registration_001.run(TC_Amazon_Registration_001:20)
	at com.kms.katalon.core.main.ScriptEngine.run(ScriptEngine.java:194)
	at com.kms.katalon.core.main.ScriptEngine.runScriptAsRawText(ScriptEngine.java:119)
	at com.kms.katalon.core.main.TestCaseExecutor.runScript(TestCaseExecutor.java:448)
	at com.kms.katalon.core.main.TestCaseExecutor.doExecute(TestCaseExecutor.java:439)
	at com.kms.katalon.core.main.TestCaseExecutor.processExecutionPhase(TestCaseExecutor.java:418)
	at com.kms.katalon.core.main.TestCaseExecutor.accessMainPhase(TestCaseExecutor.java:410)
	at com.kms.katalon.core.main.TestCaseExecutor.execute(TestCaseExecutor.java:285)
	at com.kms.katalon.core.common.CommonExecutor.accessTestCaseMainPhase(CommonExecutor.java:65)
	at com.kms.katalon.core.main.TestSuiteExecutor.accessTestSuiteMainPhase(TestSuiteExecutor.java:148)
	at com.kms.katalon.core.main.TestSuiteExecutor.execute(TestSuiteExecutor.java:106)
	at com.kms.katalon.core.main.TestCaseMain.startTestSuite(TestCaseMain.java:180)
	at TempTestSuite1706299147185.run(TempTestSuite1706299147185.groovy:36)
	at java.base/jdk.internal.reflect.NativeMethodAccessorImpl.invoke0(Native Method)
	at java.base/jdk.internal.reflect.NativeMethodAccessorImpl.invoke(NativeMethodAccessorImpl.java:77)
	at java.base/jdk.internal.reflect.DelegatingMethodAccessorImpl.invoke(DelegatingMethodAccessorImpl.java:43)
Caused by: org.openqa.selenium.SessionNotCreatedException: session not created: This version of Microsoft Edge WebDriver only supports Microsoft Edge version 119
Current browser version is 121.0.2277.83 with binary path C:\Program Files (x86)\Microsoft\Edge\Application\msedge.exe
Build info: version: '3.141.59', revision: 'e82be7d358', time: '2018-11-14T08:25:53'
System info: host: 'DESKTOP-08P78B5', ip: '192.168.1.40', os.name: 'Windows 11', os.arch: 'amd64', os.version: '10.0', java.version: '17.0.7'
Driver info: driver.version: CEdgeDriver
remote stacktrace: 	GetHandleVerifier [0x00007FF69A9725B2+60402]
	Microsoft::Applications::Events::ILogConfiguration::operator* [0x00007FF69A8F7302+253666]
	(No symbol) [0x00007FF69A6C9C99]
	(No symbol) [0x00007FF69A70907D]
	(No symbol) [0x00007FF69A708279]
	(No symbol) [0x00007FF69A701E65]
	(No symbol) [0x00007FF69A6FD18B]
	(No symbol) [0x00007FF69A74423F]
	(No symbol) [0x00007FF69A73B863]
	(No symbol) [0x00007FF69A70C585]
	(No symbol) [0x00007FF69A70B993]
	(No symbol) [0x00007FF69A70CD14]
	Microsoft::Applications::Events::EventProperty::to_string [0x00007FF69AB53454+1161924]
	(No symbol) [0x00007FF69A78E5F6]
	Microsoft::Applications::Events::EventProperty::~EventProperty [0x00007FF69A84B083+37459]
	Microsoft::Applications::Events::EventProperty::~EventProperty [0x00007FF69A842C4D+3613]
	Microsoft::Applications::Events::EventProperty::to_string [0x00007FF69AB52194+1157124]
	Microsoft::Applications::Events::ILogConfiguration::operator* [0x00007FF69A901658+295480]
	Microsoft::Applications::Events::ILogConfiguration::operator* [0x00007FF69A8FCB24+276228]
	Microsoft::Applications::Events::ILogConfiguration::operator* [0x00007FF69A8FCC52+276530]
	Microsoft::Applications::Events::ILogConfiguration::operator* [0x00007FF69A8EFA41+222753]
	BaseThreadInitThunk [0x00007FFABF8B257D+29]
	RtlUserThreadStart [0x00007FFAC0EEAA58+40]

	at java.base/jdk.internal.reflect.NativeConstructorAccessorImpl.newInstance0(Native Method)
	at java.base/jdk.internal.reflect.NativeConstructorAccessorImpl.newInstance(NativeConstructorAccessorImpl.java:77)
	at java.base/jdk.internal.reflect.DelegatingConstructorAccessorImpl.newInstance(DelegatingConstructorAccessorImpl.java:45)
	at org.openqa.selenium.remote.W3CHandshakeResponse.lambda$errorHandler$0(W3CHandshakeResponse.java:62)
	at org.openqa.selenium.remote.HandshakeResponse.lambda$getResponseFunction$0(HandshakeResponse.java:30)
	at org.openqa.selenium.remote.ProtocolHandshake.lambda$createSession$0(ProtocolHandshake.java:126)
	at org.openqa.selenium.remote.ProtocolHandshake.createSession(ProtocolHandshake.java:128)
	at org.openqa.selenium.remote.ProtocolHandshake.createSession(ProtocolHandshake.java:74)
	at org.openqa.selenium.remote.HttpCommandExecutor.execute(HttpCommandExecutor.java:136)
	at org.openqa.selenium.remote.service.DriverCommandExecutor.execute(DriverCommandExecutor.java:83)
	at org.openqa.selenium.remote.RemoteWebDriver.execute(RemoteWebDriver.java:552)
	at com.kms.katalon.selenium.driver.CEdgeDriver.execute(CEdgeDriver.java:20)
	at org.openqa.selenium.remote.RemoteWebDriver.startSession(RemoteWebDriver.java:213)
	at org.openqa.selenium.remote.RemoteWebDriver.<init>(RemoteWebDriver.java:131)
	at org.openqa.selenium.edge.EdgeDriver.<init>(EdgeDriver.java:154)
	at com.kms.katalon.selenium.driver.CEdgeDriver.<init>(CEdgeDriver.java:14)
	at com.kms.katalon.core.webui.driver.DriverFactory.createNewEdgeChromiumDriver(DriverFactory.java:675)
	at com.kms.katalon.core.webui.driver.DriverFactory.startNewBrowser(DriverFactory.java:390)
	at com.kms.katalon.core.webui.driver.DriverFactory.openWebDriver(DriverFactory.java:264)
	at com.kms.katalon.core.webui.keyword.builtin.OpenBrowserKeyword$_openBrowser_closure1.doCall(OpenBrowserKeyword.groovy:74)
	at com.kms.katalon.core.webui.keyword.builtin.OpenBrowserKeyword$_openBrowser_closure1.call(OpenBrowserKeyword.groovy)
	at com.kms.katalon.core.webui.keyword.internal.WebUIKeywordMain.runKeyword(WebUIKeywordMain.groovy:20)
	... 20 more]]></system-err>
      </testcase>
      <testcase name="Test Cases/TC_Amazon_Validation/TC_Amazon_Sign In_002" time="3.241" classname="Test Cases/TC_Amazon_Validation/TC_Amazon_Sign In_002" status="FAILED">
         <failure type="FAILED" message="Test Cases/TC_Amazon_Validation/TC_Amazon_Sign In_002 FAILED.&#xa;Reason:&#xa;com.kms.katalon.core.exception.StepFailedException: Unable to open browser with url: ''&#xa;	at com.kms.katalon.core.webui.keyword.internal.WebUIKeywordMain.stepFailed(WebUIKeywordMain.groovy:64)&#xa;	at com.kms.katalon.core.webui.keyword.internal.WebUIKeywordMain.runKeyword(WebUIKeywordMain.groovy:26)&#xa;	at com.kms.katalon.core.webui.keyword.builtin.OpenBrowserKeyword.openBrowser(OpenBrowserKeyword.groovy:81)&#xa;	at com.kms.katalon.core.webui.keyword.builtin.OpenBrowserKeyword.execute(OpenBrowserKeyword.groovy:67)&#xa;	at com.kms.katalon.core.keyword.internal.KeywordExecutor.executeKeywordForPlatform(KeywordExecutor.groovy:74)&#xa;	at com.kms.katalon.core.webui.keyword.WebUiBuiltInKeywords.openBrowser(WebUiBuiltInKeywords.groovy:64)&#xa;	at TC_Amazon_Sign In_002.run(TC_Amazon_Sign In_002:20)&#xa;	at com.kms.katalon.core.main.ScriptEngine.run(ScriptEngine.java:194)&#xa;	at com.kms.katalon.core.main.ScriptEngine.runScriptAsRawText(ScriptEngine.java:119)&#xa;	at com.kms.katalon.core.main.TestCaseExecutor.runScript(TestCaseExecutor.java:448)&#xa;	at com.kms.katalon.core.main.TestCaseExecutor.doExecute(TestCaseExecutor.java:439)&#xa;	at com.kms.katalon.core.main.TestCaseExecutor.processExecutionPhase(TestCaseExecutor.java:418)&#xa;	at com.kms.katalon.core.main.TestCaseExecutor.accessMainPhase(TestCaseExecutor.java:410)&#xa;	at com.kms.katalon.core.main.TestCaseExecutor.execute(TestCaseExecutor.java:285)&#xa;	at com.kms.katalon.core.common.CommonExecutor.accessTestCaseMainPhase(CommonExecutor.java:65)&#xa;	at com.kms.katalon.core.main.TestSuiteExecutor.accessTestSuiteMainPhase(TestSuiteExecutor.java:148)&#xa;	at com.kms.katalon.core.main.TestSuiteExecutor.execute(TestSuiteExecutor.java:106)&#xa;	at com.kms.katalon.core.main.TestCaseMain.startTestSuite(TestCaseMain.java:180)&#xa;	at TempTestSuite1706299147185.run(TempTestSuite1706299147185.groovy:36)&#xa;	at java.base/jdk.internal.reflect.NativeMethodAccessorImpl.invoke0(Native Method)&#xa;	at java.base/jdk.internal.reflect.NativeMethodAccessorImpl.invoke(NativeMethodAccessorImpl.java:77)&#xa;	at java.base/jdk.internal.reflect.DelegatingMethodAccessorImpl.invoke(DelegatingMethodAccessorImpl.java:43)&#xa;Caused by: org.openqa.selenium.SessionNotCreatedException: session not created: This version of Microsoft Edge WebDriver only supports Microsoft Edge version 119&#xa;Current browser version is 121.0.2277.83 with binary path C:\Program Files (x86)\Microsoft\Edge\Application\msedge.exe&#xa;Build info: version: '3.141.59', revision: 'e82be7d358', time: '2018-11-14T08:25:53'&#xa;System info: host: 'DESKTOP-08P78B5', ip: '192.168.1.40', os.name: 'Windows 11', os.arch: 'amd64', os.version: '10.0', java.version: '17.0.7'&#xa;Driver info: driver.version: CEdgeDriver&#xa;remote stacktrace: 	GetHandleVerifier [0x00007FF69A9725B2+60402]&#xa;	Microsoft::Applications::Events::ILogConfiguration::operator* [0x00007FF69A8F7302+253666]&#xa;	(No symbol) [0x00007FF69A6C9C99]&#xa;	(No symbol) [0x00007FF69A70907D]&#xa;	(No symbol) [0x00007FF69A708279]&#xa;	(No symbol) [0x00007FF69A701E65]&#xa;	(No symbol) [0x00007FF69A6FD18B]&#xa;	(No symbol) [0x00007FF69A74423F]&#xa;	(No symbol) [0x00007FF69A73B863]&#xa;	(No symbol) [0x00007FF69A70C585]&#xa;	(No symbol) [0x00007FF69A70B993]&#xa;	(No symbol) [0x00007FF69A70CD14]&#xa;	Microsoft::Applications::Events::EventProperty::to_string [0x00007FF69AB53454+1161924]&#xa;	(No symbol) [0x00007FF69A78E5F6]&#xa;	Microsoft::Applications::Events::EventProperty::~EventProperty [0x00007FF69A84B083+37459]&#xa;	Microsoft::Applications::Events::EventProperty::~EventProperty [0x00007FF69A842C4D+3613]&#xa;	Microsoft::Applications::Events::EventProperty::to_string [0x00007FF69AB52194+1157124]&#xa;	Microsoft::Applications::Events::ILogConfiguration::operator* [0x00007FF69A901658+295480]&#xa;	Microsoft::Applications::Events::ILogConfiguration::operator* [0x00007FF69A8FCB24+276228]&#xa;	Microsoft::Applications::Events::ILogConfiguration::operator* [0x00007FF69A8FCC52+276530]&#xa;	Microsoft::Applications::Events::ILogConfiguration::operator* [0x00007FF69A8EFA41+222753]&#xa;	BaseThreadInitThunk [0x00007FFABF8B257D+29]&#xa;	RtlUserThreadStart [0x00007FFAC0EEAA58+40]&#xa;&#xa;	at java.base/jdk.internal.reflect.NativeConstructorAccessorImpl.newInstance0(Native Method)&#xa;	at java.base/jdk.internal.reflect.NativeConstructorAccessorImpl.newInstance(NativeConstructorAccessorImpl.java:77)&#xa;	at java.base/jdk.internal.reflect.DelegatingConstructorAccessorImpl.newInstance(DelegatingConstructorAccessorImpl.java:45)&#xa;	at org.openqa.selenium.remote.W3CHandshakeResponse.lambda$errorHandler$0(W3CHandshakeResponse.java:62)&#xa;	at org.openqa.selenium.remote.HandshakeResponse.lambda$getResponseFunction$0(HandshakeResponse.java:30)&#xa;	at org.openqa.selenium.remote.ProtocolHandshake.lambda$createSession$0(ProtocolHandshake.java:126)&#xa;	at org.openqa.selenium.remote.ProtocolHandshake.createSession(ProtocolHandshake.java:128)&#xa;	at org.openqa.selenium.remote.ProtocolHandshake.createSession(ProtocolHandshake.java:74)&#xa;	at org.openqa.selenium.remote.HttpCommandExecutor.execute(HttpCommandExecutor.java:136)&#xa;	at org.openqa.selenium.remote.service.DriverCommandExecutor.execute(DriverCommandExecutor.java:83)&#xa;	at org.openqa.selenium.remote.RemoteWebDriver.execute(RemoteWebDriver.java:552)&#xa;	at com.kms.katalon.selenium.driver.CEdgeDriver.execute(CEdgeDriver.java:20)&#xa;	at org.openqa.selenium.remote.RemoteWebDriver.startSession(RemoteWebDriver.java:213)&#xa;	at org.openqa.selenium.remote.RemoteWebDriver.&lt;init>(RemoteWebDriver.java:131)&#xa;	at org.openqa.selenium.edge.EdgeDriver.&lt;init>(EdgeDriver.java:154)&#xa;	at com.kms.katalon.selenium.driver.CEdgeDriver.&lt;init>(CEdgeDriver.java:14)&#xa;	at com.kms.katalon.core.webui.driver.DriverFactory.createNewEdgeChromiumDriver(DriverFactory.java:675)&#xa;	at com.kms.katalon.core.webui.driver.DriverFactory.startNewBrowser(DriverFactory.java:390)&#xa;	at com.kms.katalon.core.webui.driver.DriverFactory.openWebDriver(DriverFactory.java:264)&#xa;	at com.kms.katalon.core.webui.keyword.builtin.OpenBrowserKeyword$_openBrowser_closure1.doCall(OpenBrowserKeyword.groovy:74)&#xa;	at com.kms.katalon.core.webui.keyword.builtin.OpenBrowserKeyword$_openBrowser_closure1.call(OpenBrowserKeyword.groovy)&#xa;	at com.kms.katalon.core.webui.keyword.internal.WebUIKeywordMain.runKeyword(WebUIKeywordMain.groovy:20)&#xa;	... 20 more&#xa;"/>
         <system-out><![CDATA[27-01-2024T01:29:54 - [TEST_CASE][FAILED] - Test Cases/TC_Amazon_Validation/TC_Amazon_Sign In_002: Test Cases/TC_Amazon_Validation/TC_Amazon_Sign In_002 FAILED.
Reason:
com.kms.katalon.core.exception.StepFailedException: Unable to open browser with url: ''
	at com.kms.katalon.core.webui.keyword.internal.WebUIKeywordMain.stepFailed(WebUIKeywordMain.groovy:64)
	at com.kms.katalon.core.webui.keyword.internal.WebUIKeywordMain.runKeyword(WebUIKeywordMain.groovy:26)
	at com.kms.katalon.core.webui.keyword.builtin.OpenBrowserKeyword.openBrowser(OpenBrowserKeyword.groovy:81)
	at com.kms.katalon.core.webui.keyword.builtin.OpenBrowserKeyword.execute(OpenBrowserKeyword.groovy:67)
	at com.kms.katalon.core.keyword.internal.KeywordExecutor.executeKeywordForPlatform(KeywordExecutor.groovy:74)
	at com.kms.katalon.core.webui.keyword.WebUiBuiltInKeywords.openBrowser(WebUiBuiltInKeywords.groovy:64)
	at TC_Amazon_Sign In_002.run(TC_Amazon_Sign In_002:20)
	at com.kms.katalon.core.main.ScriptEngine.run(ScriptEngine.java:194)
	at com.kms.katalon.core.main.ScriptEngine.runScriptAsRawText(ScriptEngine.java:119)
	at com.kms.katalon.core.main.TestCaseExecutor.runScript(TestCaseExecutor.java:448)
	at com.kms.katalon.core.main.TestCaseExecutor.doExecute(TestCaseExecutor.java:439)
	at com.kms.katalon.core.main.TestCaseExecutor.processExecutionPhase(TestCaseExecutor.java:418)
	at com.kms.katalon.core.main.TestCaseExecutor.accessMainPhase(TestCaseExecutor.java:410)
	at com.kms.katalon.core.main.TestCaseExecutor.execute(TestCaseExecutor.java:285)
	at com.kms.katalon.core.common.CommonExecutor.accessTestCaseMainPhase(CommonExecutor.java:65)
	at com.kms.katalon.core.main.TestSuiteExecutor.accessTestSuiteMainPhase(TestSuiteExecutor.java:148)
	at com.kms.katalon.core.main.TestSuiteExecutor.execute(TestSuiteExecutor.java:106)
	at com.kms.katalon.core.main.TestCaseMain.startTestSuite(TestCaseMain.java:180)
	at TempTestSuite1706299147185.run(TempTestSuite1706299147185.groovy:36)
	at java.base/jdk.internal.reflect.NativeMethodAccessorImpl.invoke0(Native Method)
	at java.base/jdk.internal.reflect.NativeMethodAccessorImpl.invoke(NativeMethodAccessorImpl.java:77)
	at java.base/jdk.internal.reflect.DelegatingMethodAccessorImpl.invoke(DelegatingMethodAccessorImpl.java:43)
Caused by: org.openqa.selenium.SessionNotCreatedException: session not created: This version of Microsoft Edge WebDriver only supports Microsoft Edge version 119
Current browser version is 121.0.2277.83 with binary path C:\Program Files (x86)\Microsoft\Edge\Application\msedge.exe
Build info: version: '3.141.59', revision: 'e82be7d358', time: '2018-11-14T08:25:53'
System info: host: 'DESKTOP-08P78B5', ip: '192.168.1.40', os.name: 'Windows 11', os.arch: 'amd64', os.version: '10.0', java.version: '17.0.7'
Driver info: driver.version: CEdgeDriver
remote stacktrace: 	GetHandleVerifier [0x00007FF69A9725B2+60402]
	Microsoft::Applications::Events::ILogConfiguration::operator* [0x00007FF69A8F7302+253666]
	(No symbol) [0x00007FF69A6C9C99]
	(No symbol) [0x00007FF69A70907D]
	(No symbol) [0x00007FF69A708279]
	(No symbol) [0x00007FF69A701E65]
	(No symbol) [0x00007FF69A6FD18B]
	(No symbol) [0x00007FF69A74423F]
	(No symbol) [0x00007FF69A73B863]
	(No symbol) [0x00007FF69A70C585]
	(No symbol) [0x00007FF69A70B993]
	(No symbol) [0x00007FF69A70CD14]
	Microsoft::Applications::Events::EventProperty::to_string [0x00007FF69AB53454+1161924]
	(No symbol) [0x00007FF69A78E5F6]
	Microsoft::Applications::Events::EventProperty::~EventProperty [0x00007FF69A84B083+37459]
	Microsoft::Applications::Events::EventProperty::~EventProperty [0x00007FF69A842C4D+3613]
	Microsoft::Applications::Events::EventProperty::to_string [0x00007FF69AB52194+1157124]
	Microsoft::Applications::Events::ILogConfiguration::operator* [0x00007FF69A901658+295480]
	Microsoft::Applications::Events::ILogConfiguration::operator* [0x00007FF69A8FCB24+276228]
	Microsoft::Applications::Events::ILogConfiguration::operator* [0x00007FF69A8FCC52+276530]
	Microsoft::Applications::Events::ILogConfiguration::operator* [0x00007FF69A8EFA41+222753]
	BaseThreadInitThunk [0x00007FFABF8B257D+29]
	RtlUserThreadStart [0x00007FFAC0EEAA58+40]

	at java.base/jdk.internal.reflect.NativeConstructorAccessorImpl.newInstance0(Native Method)
	at java.base/jdk.internal.reflect.NativeConstructorAccessorImpl.newInstance(NativeConstructorAccessorImpl.java:77)
	at java.base/jdk.internal.reflect.DelegatingConstructorAccessorImpl.newInstance(DelegatingConstructorAccessorImpl.java:45)
	at org.openqa.selenium.remote.W3CHandshakeResponse.lambda$errorHandler$0(W3CHandshakeResponse.java:62)
	at org.openqa.selenium.remote.HandshakeResponse.lambda$getResponseFunction$0(HandshakeResponse.java:30)
	at org.openqa.selenium.remote.ProtocolHandshake.lambda$createSession$0(ProtocolHandshake.java:126)
	at org.openqa.selenium.remote.ProtocolHandshake.createSession(ProtocolHandshake.java:128)
	at org.openqa.selenium.remote.ProtocolHandshake.createSession(ProtocolHandshake.java:74)
	at org.openqa.selenium.remote.HttpCommandExecutor.execute(HttpCommandExecutor.java:136)
	at org.openqa.selenium.remote.service.DriverCommandExecutor.execute(DriverCommandExecutor.java:83)
	at org.openqa.selenium.remote.RemoteWebDriver.execute(RemoteWebDriver.java:552)
	at com.kms.katalon.selenium.driver.CEdgeDriver.execute(CEdgeDriver.java:20)
	at org.openqa.selenium.remote.RemoteWebDriver.startSession(RemoteWebDriver.java:213)
	at org.openqa.selenium.remote.RemoteWebDriver.<init>(RemoteWebDriver.java:131)
	at org.openqa.selenium.edge.EdgeDriver.<init>(EdgeDriver.java:154)
	at com.kms.katalon.selenium.driver.CEdgeDriver.<init>(CEdgeDriver.java:14)
	at com.kms.katalon.core.webui.driver.DriverFactory.createNewEdgeChromiumDriver(DriverFactory.java:675)
	at com.kms.katalon.core.webui.driver.DriverFactory.startNewBrowser(DriverFactory.java:390)
	at com.kms.katalon.core.webui.driver.DriverFactory.openWebDriver(DriverFactory.java:264)
	at com.kms.katalon.core.webui.keyword.builtin.OpenBrowserKeyword$_openBrowser_closure1.doCall(OpenBrowserKeyword.groovy:74)
	at com.kms.katalon.core.webui.keyword.builtin.OpenBrowserKeyword$_openBrowser_closure1.call(OpenBrowserKeyword.groovy)
	at com.kms.katalon.core.webui.keyword.internal.WebUIKeywordMain.runKeyword(WebUIKeywordMain.groovy:20)
	... 20 more


27-01-2024T01:29:54 - [TEST_STEP][FAILED] - openBrowser(""): Unable to open browser with url: '' (Root cause: com.kms.katalon.core.exception.StepFailedException: Unable to open browser with url: ''
	at com.kms.katalon.core.webui.keyword.internal.WebUIKeywordMain.stepFailed(WebUIKeywordMain.groovy:64)
	at com.kms.katalon.core.webui.keyword.internal.WebUIKeywordMain.runKeyword(WebUIKeywordMain.groovy:26)
	at com.kms.katalon.core.webui.keyword.builtin.OpenBrowserKeyword.openBrowser(OpenBrowserKeyword.groovy:81)
	at com.kms.katalon.core.webui.keyword.builtin.OpenBrowserKeyword.execute(OpenBrowserKeyword.groovy:67)
	at com.kms.katalon.core.keyword.internal.KeywordExecutor.executeKeywordForPlatform(KeywordExecutor.groovy:74)
	at com.kms.katalon.core.webui.keyword.WebUiBuiltInKeywords.openBrowser(WebUiBuiltInKeywords.groovy:64)
	at TC_Amazon_Sign In_002.run(TC_Amazon_Sign In_002:20)
	at com.kms.katalon.core.main.ScriptEngine.run(ScriptEngine.java:194)
	at com.kms.katalon.core.main.ScriptEngine.runScriptAsRawText(ScriptEngine.java:119)
	at com.kms.katalon.core.main.TestCaseExecutor.runScript(TestCaseExecutor.java:448)
	at com.kms.katalon.core.main.TestCaseExecutor.doExecute(TestCaseExecutor.java:439)
	at com.kms.katalon.core.main.TestCaseExecutor.processExecutionPhase(TestCaseExecutor.java:418)
	at com.kms.katalon.core.main.TestCaseExecutor.accessMainPhase(TestCaseExecutor.java:410)
	at com.kms.katalon.core.main.TestCaseExecutor.execute(TestCaseExecutor.java:285)
	at com.kms.katalon.core.common.CommonExecutor.accessTestCaseMainPhase(CommonExecutor.java:65)
	at com.kms.katalon.core.main.TestSuiteExecutor.accessTestSuiteMainPhase(TestSuiteExecutor.java:148)
	at com.kms.katalon.core.main.TestSuiteExecutor.execute(TestSuiteExecutor.java:106)
	at com.kms.katalon.core.main.TestCaseMain.startTestSuite(TestCaseMain.java:180)
	at TempTestSuite1706299147185.run(TempTestSuite1706299147185.groovy:36)
	at java.base/jdk.internal.reflect.NativeMethodAccessorImpl.invoke0(Native Method)
	at java.base/jdk.internal.reflect.NativeMethodAccessorImpl.invoke(NativeMethodAccessorImpl.java:77)
	at java.base/jdk.internal.reflect.DelegatingMethodAccessorImpl.invoke(DelegatingMethodAccessorImpl.java:43)
Caused by: org.openqa.selenium.SessionNotCreatedException: session not created: This version of Microsoft Edge WebDriver only supports Microsoft Edge version 119
Current browser version is 121.0.2277.83 with binary path C:\Program Files (x86)\Microsoft\Edge\Application\msedge.exe
Build info: version: '3.141.59', revision: 'e82be7d358', time: '2018-11-14T08:25:53'
System info: host: 'DESKTOP-08P78B5', ip: '192.168.1.40', os.name: 'Windows 11', os.arch: 'amd64', os.version: '10.0', java.version: '17.0.7'
Driver info: driver.version: CEdgeDriver
remote stacktrace: 	GetHandleVerifier [0x00007FF69A9725B2+60402]
	Microsoft::Applications::Events::ILogConfiguration::operator* [0x00007FF69A8F7302+253666]
	(No symbol) [0x00007FF69A6C9C99]
	(No symbol) [0x00007FF69A70907D]
	(No symbol) [0x00007FF69A708279]
	(No symbol) [0x00007FF69A701E65]
	(No symbol) [0x00007FF69A6FD18B]
	(No symbol) [0x00007FF69A74423F]
	(No symbol) [0x00007FF69A73B863]
	(No symbol) [0x00007FF69A70C585]
	(No symbol) [0x00007FF69A70B993]
	(No symbol) [0x00007FF69A70CD14]
	Microsoft::Applications::Events::EventProperty::to_string [0x00007FF69AB53454+1161924]
	(No symbol) [0x00007FF69A78E5F6]
	Microsoft::Applications::Events::EventProperty::~EventProperty [0x00007FF69A84B083+37459]
	Microsoft::Applications::Events::EventProperty::~EventProperty [0x00007FF69A842C4D+3613]
	Microsoft::Applications::Events::EventProperty::to_string [0x00007FF69AB52194+1157124]
	Microsoft::Applications::Events::ILogConfiguration::operator* [0x00007FF69A901658+295480]
	Microsoft::Applications::Events::ILogConfiguration::operator* [0x00007FF69A8FCB24+276228]
	Microsoft::Applications::Events::ILogConfiguration::operator* [0x00007FF69A8FCC52+276530]
	Microsoft::Applications::Events::ILogConfiguration::operator* [0x00007FF69A8EFA41+222753]
	BaseThreadInitThunk [0x00007FFABF8B257D+29]
	RtlUserThreadStart [0x00007FFAC0EEAA58+40]

	at java.base/jdk.internal.reflect.NativeConstructorAccessorImpl.newInstance0(Native Method)
	at java.base/jdk.internal.reflect.NativeConstructorAccessorImpl.newInstance(NativeConstructorAccessorImpl.java:77)
	at java.base/jdk.internal.reflect.DelegatingConstructorAccessorImpl.newInstance(DelegatingConstructorAccessorImpl.java:45)
	at org.openqa.selenium.remote.W3CHandshakeResponse.lambda$errorHandler$0(W3CHandshakeResponse.java:62)
	at org.openqa.selenium.remote.HandshakeResponse.lambda$getResponseFunction$0(HandshakeResponse.java:30)
	at org.openqa.selenium.remote.ProtocolHandshake.lambda$createSession$0(ProtocolHandshake.java:126)
	at org.openqa.selenium.remote.ProtocolHandshake.createSession(ProtocolHandshake.java:128)
	at org.openqa.selenium.remote.ProtocolHandshake.createSession(ProtocolHandshake.java:74)
	at org.openqa.selenium.remote.HttpCommandExecutor.execute(HttpCommandExecutor.java:136)
	at org.openqa.selenium.remote.service.DriverCommandExecutor.execute(DriverCommandExecutor.java:83)
	at org.openqa.selenium.remote.RemoteWebDriver.execute(RemoteWebDriver.java:552)
	at com.kms.katalon.selenium.driver.CEdgeDriver.execute(CEdgeDriver.java:20)
	at org.openqa.selenium.remote.RemoteWebDriver.startSession(RemoteWebDriver.java:213)
	at org.openqa.selenium.remote.RemoteWebDriver.<init>(RemoteWebDriver.java:131)
	at org.openqa.selenium.edge.EdgeDriver.<init>(EdgeDriver.java:154)
	at com.kms.katalon.selenium.driver.CEdgeDriver.<init>(CEdgeDriver.java:14)
	at com.kms.katalon.core.webui.driver.DriverFactory.createNewEdgeChromiumDriver(DriverFactory.java:675)
	at com.kms.katalon.core.webui.driver.DriverFactory.startNewBrowser(DriverFactory.java:390)
	at com.kms.katalon.core.webui.driver.DriverFactory.openWebDriver(DriverFactory.java:264)
	at com.kms.katalon.core.webui.keyword.builtin.OpenBrowserKeyword$_openBrowser_closure1.doCall(OpenBrowserKeyword.groovy:74)
	at com.kms.katalon.core.webui.keyword.builtin.OpenBrowserKeyword$_openBrowser_closure1.call(OpenBrowserKeyword.groovy)
	at com.kms.katalon.core.webui.keyword.internal.WebUIKeywordMain.runKeyword(WebUIKeywordMain.groovy:20)
	at com.kms.katalon.core.webui.keyword.builtin.OpenBrowserKeyword.openBrowser(OpenBrowserKeyword.groovy:81)
	at com.kms.katalon.core.webui.keyword.builtin.OpenBrowserKeyword.execute(OpenBrowserKeyword.groovy:67)
	at com.kms.katalon.core.keyword.internal.KeywordExecutor.executeKeywordForPlatform(KeywordExecutor.groovy:74)
	at com.kms.katalon.core.webui.keyword.WebUiBuiltInKeywords.openBrowser(WebUiBuiltInKeywords.groovy:64)
	at Script1706288669377.run(Script1706288669377.groovy:20)
	... 15 more
)

27-01-2024T01:29:54 - [MESSAGE][INFO] - Starting 'Edge Chromium' driver

27-01-2024T01:29:54 - [MESSAGE][INFO] - Action delay is set to 0 milliseconds

27-01-2024T01:29:57 - [MESSAGE][FAILED] - Unable to open browser with url: '' (Root cause: com.kms.katalon.core.exception.StepFailedException: Unable to open browser with url: ''
	at com.kms.katalon.core.webui.keyword.internal.WebUIKeywordMain.stepFailed(WebUIKeywordMain.groovy:64)
	at com.kms.katalon.core.webui.keyword.internal.WebUIKeywordMain.runKeyword(WebUIKeywordMain.groovy:26)
	at com.kms.katalon.core.webui.keyword.builtin.OpenBrowserKeyword.openBrowser(OpenBrowserKeyword.groovy:81)
	at com.kms.katalon.core.webui.keyword.builtin.OpenBrowserKeyword.execute(OpenBrowserKeyword.groovy:67)
	at com.kms.katalon.core.keyword.internal.KeywordExecutor.executeKeywordForPlatform(KeywordExecutor.groovy:74)
	at com.kms.katalon.core.webui.keyword.WebUiBuiltInKeywords.openBrowser(WebUiBuiltInKeywords.groovy:64)
	at TC_Amazon_Sign In_002.run(TC_Amazon_Sign In_002:20)
	at com.kms.katalon.core.main.ScriptEngine.run(ScriptEngine.java:194)
	at com.kms.katalon.core.main.ScriptEngine.runScriptAsRawText(ScriptEngine.java:119)
	at com.kms.katalon.core.main.TestCaseExecutor.runScript(TestCaseExecutor.java:448)
	at com.kms.katalon.core.main.TestCaseExecutor.doExecute(TestCaseExecutor.java:439)
	at com.kms.katalon.core.main.TestCaseExecutor.processExecutionPhase(TestCaseExecutor.java:418)
	at com.kms.katalon.core.main.TestCaseExecutor.accessMainPhase(TestCaseExecutor.java:410)
	at com.kms.katalon.core.main.TestCaseExecutor.execute(TestCaseExecutor.java:285)
	at com.kms.katalon.core.common.CommonExecutor.accessTestCaseMainPhase(CommonExecutor.java:65)
	at com.kms.katalon.core.main.TestSuiteExecutor.accessTestSuiteMainPhase(TestSuiteExecutor.java:148)
	at com.kms.katalon.core.main.TestSuiteExecutor.execute(TestSuiteExecutor.java:106)
	at com.kms.katalon.core.main.TestCaseMain.startTestSuite(TestCaseMain.java:180)
	at TempTestSuite1706299147185.run(TempTestSuite1706299147185.groovy:36)
	at java.base/jdk.internal.reflect.NativeMethodAccessorImpl.invoke0(Native Method)
	at java.base/jdk.internal.reflect.NativeMethodAccessorImpl.invoke(NativeMethodAccessorImpl.java:77)
	at java.base/jdk.internal.reflect.DelegatingMethodAccessorImpl.invoke(DelegatingMethodAccessorImpl.java:43)
Caused by: org.openqa.selenium.SessionNotCreatedException: session not created: This version of Microsoft Edge WebDriver only supports Microsoft Edge version 119
Current browser version is 121.0.2277.83 with binary path C:\Program Files (x86)\Microsoft\Edge\Application\msedge.exe
[...]
Session ID: 10b07706-807a-47cf-8917-c6551179545a
	at java.base/jdk.internal.reflect.NativeConstructorAccessorImpl.newInstance0(Native Method)
	at java.base/jdk.internal.reflect.NativeConstructorAccessorImpl.newInstance(NativeConstructorAccessorImpl.java:77)
	at java.base/jdk.internal.reflect.DelegatingConstructorAccessorImpl.newInstance(DelegatingConstructorAccessorImpl.java:45)
	at org.openqa.selenium.remote.http.W3CHttpResponseCodec.createException(W3CHttpResponseCodec.java:187)
	at org.openqa.selenium.remote.http.W3CHttpResponseCodec.decode(W3CHttpResponseCodec.java:122)
	at org.openqa.selenium.remote.http.W3CHttpResponseCodec.decode(W3CHttpResponseCodec.java:49)
	at org.openqa.selenium.remote.HttpCommandExecutor.execute(HttpCommandExecutor.java:158)
	at org.openqa.selenium.remote.service.DriverCommandExecutor.execute(DriverCommandExecutor.java:83)
	at org.openqa.selenium.remote.RemoteWebDriver.execute(RemoteWebDriver.java:552)
	at com.kms.katalon.selenium.driver.CFirefoxDriver.execute(CFirefoxDriver.java:28)
	at org.openqa.selenium.remote.RemoteWebElement.execute(RemoteWebElement.java:285)
	at org.openqa.selenium.remote.RemoteWebElement.click(RemoteWebElement.java:84)
	at java.base/jdk.internal.reflect.NativeMethodAccessorImpl.invoke0(Native Method)
	at java.base/jdk.internal.reflect.NativeMethodAccessorImpl.invoke(NativeMethodAccessorImpl.java:77)
	at java.base/jdk.internal.reflect.DelegatingMethodAccessorImpl.invoke(DelegatingMethodAccessorImpl.java:43)
	at org.openqa.selenium.support.events.EventFiringWebDriver$EventFiringWebElement.lambda$new$0(EventFiringWebDriver.java:404)
	at jdk.proxy2/jdk.proxy2.$Proxy24.click(Unknown Source)
	at org.openqa.selenium.support.events.EventFiringWebDriver$EventFiringWebElement.click(EventFiringWebDriver.java:417)
	at org.openqa.selenium.support.ui.Select.setSelected(Select.java:311)
	at org.openqa.selenium.support.ui.Select.setSelectedByIndex(Select.java:293)
	at org.openqa.selenium.support.ui.Select.selectByIndex(Select.java:172)
	at com.kms.katalon.core.webui.common.WebUiCommonHelper.selectOrDeselectOptionsByValueByRegularExpression(WebUiCommonHelper.java:284)
	at com.kms.katalon.core.webui.common.WebUiCommonHelper.selectOrDeselectOptionsByValue(WebUiCommonHelper.java:263)
	at com.kms.katalon.core.webui.keyword.builtin.SelectOptionByValueKeyword$_selectOptionByValue_closure1.doCall(SelectOptionByValueKeyword.groovy:88)
	at com.kms.katalon.core.webui.keyword.builtin.SelectOptionByValueKeyword$_selectOptionByValue_closure1.call(SelectOptionByValueKeyword.groovy)
	at com.kms.katalon.core.webui.keyword.internal.WebUIKeywordMain.runKeyword(WebUIKeywordMain.groovy:20)
	... 20 more]]></system-err>
      </testcase>
      <testcase name="Test Cases/TC_Amazon_Validation/TC_Amazon_Orders_005" time="98.009" classname="Test Cases/TC_Amazon_Validation/TC_Amazon_Orders_005" status="PASSED">
         <system-out><![CDATA[27-01-2024T01:33:57 - [TEST_CASE][PASSED] - Test Cases/TC_Amazon_Validation/TC_Amazon_Orders_005: Test Cases/TC_Amazon_Validation/TC_Amazon_Orders_005

27-01-2024T01:33:57 - [TEST_STEP][PASSED] - openBrowser(""): Browser is opened with url: ''

27-01-2024T01:33:57 - [MESSAGE][WARNING] - A browser is already opened. Closing browser and opening a new one

27-01-2024T01:34:09 - [MESSAGE][INFO] - Starting 'Firefox' driver

27-01-2024T01:34:09 - [MESSAGE][INFO] - Action delay is set to 0 milliseconds

27-01-2024T01:34:19 - [MESSAGE][PASSED] - Browser is opened with url: ''

27-01-2024T01:34:19 - [TEST_STEP][PASSED] - navigateToUrl("https://www.amazon.com/"): Navigate to 'https://www.amazon.com/' successfully

27-01-2024T01:34:34 - [MESSAGE][PASSED] - Navigate to 'https://www.amazon.com/' successfully

27-01-2024T01:34:34 - [TEST_STEP][PASSED] - click(findTestObject("Object Repository/Amazon_Orders_OR/Page_Amazon.com. Spend less. Smile more/span_nav-cart-icon nav-sprite")): Object: 'Object Repository/Amazon_Orders_OR/Page_Amazon.com. Spend less. Smile more/span_nav-cart-icon nav-sprite' is clicked on

27-01-2024T01:34:41 - [MESSAGE][PASSED] - Object: 'Object Repository/Amazon_Orders_OR/Page_Amazon.com. Spend less. Smile more/span_nav-cart-icon nav-sprite' is clicked on

27-01-2024T01:34:41 - [TEST_STEP][PASSED] - click(findTestObject("Object Repository/Amazon_Orders_OR/Page_Amazon.com Shopping Cart/span_Sign in to your account")): Object: 'Object Repository/Amazon_Orders_OR/Page_Amazon.com Shopping Cart/span_Sign in to your account' is clicked on

27-01-2024T01:34:59 - [MESSAGE][PASSED] - Object: 'Object Repository/Amazon_Orders_OR/Page_Amazon.com Shopping Cart/span_Sign in to your account' is clicked on

27-01-2024T01:34:59 - [TEST_STEP][PASSED] - setText(findTestObject("Object Repository/Amazon_Orders_OR/Page_Amazon Sign-In/input_email"), "nitheeshaboggavarapu@gmail.com"): Text 'nitheeshaboggavarapu@gmail.com' is set on object 'Object Repository/Amazon_Orders_OR/Page_Amazon Sign-In/input_email'

27-01-2024T01:35:07 - [MESSAGE][PASSED] - Text 'nitheeshaboggavarapu@gmail.com' is set on object 'Object Repository/Amazon_Orders_OR/Page_Amazon Sign-In/input_email'

27-01-2024T01:35:07 - [TEST_STEP][PASSED] - click(findTestObject("Object Repository/Amazon_Orders_OR/Page_Amazon Sign-In/inputcontinue")): Object: 'Object Repository/Amazon_Orders_OR/Page_Amazon Sign-In/inputcontinue' is clicked on

27-01-2024T01:35:12 - [MESSAGE][PASSED] - Object: 'Object Repository/Amazon_Orders_OR/Page_Amazon Sign-In/inputcontinue' is clicked on

27-01-2024T01:35:12 - [TEST_STEP][PASSED] - setEncryptedText(findTestObject("Object Repository/Amazon_Orders_OR/Page_Amazon Sign-In/input_password"), "nRJItQ52hW9bpRr794Hihg=="): Text ****** has been set on object 'Object Repository/Amazon_Orders_OR/Page_Amazon Sign-In/input_password'

27-01-2024T01:35:15 - [MESSAGE][PASSED] - Text ****** has been set on object 'Object Repository/Amazon_Orders_OR/Page_Amazon Sign-In/input_password'

27-01-2024T01:35:15 - [TEST_STEP][PASSED] - click(findTestObject("Object Repository/Amazon_Orders_OR/Page_Amazon Sign-In/inputsignInSubmit")): Object: 'Object Repository/Amazon_Orders_OR/Page_Amazon Sign-In/inputsignInSubmit' is clicked on

27-01-2024T01:35:20 - [MESSAGE][PASSED] - Object: 'Object Repository/Amazon_Orders_OR/Page_Amazon Sign-In/inputsignInSubmit' is clicked on

27-01-2024T01:35:20 - [TEST_STEP][PASSED] - click(findTestObject("Object Repository/Amazon_Orders_OR/Page_Amazon.com Shopping Cart/input_proceedToRetailCheckout")): Object: 'Object Repository/Amazon_Orders_OR/Page_Amazon.com Shopping Cart/input_proceedToRetailCheckout' is clicked on

27-01-2024T01:35:30 - [MESSAGE][PASSED] - Object: 'Object Repository/Amazon_Orders_OR/Page_Amazon.com Shopping Cart/input_proceedToRetailCheckout' is clicked on

27-01-2024T01:35:30 - [TEST_STEP][PASSED] - closeBrowser(): Browser is closed

27-01-2024T01:35:35 - [MESSAGE][PASSED] - Browser is closed]]></system-out>
         <system-err><![CDATA[]]></system-err>
      </testcase>
      <system-out><![CDATA[27-01-2024T01:29:32 - [TEST_SUITE][FAILED] - Amazon_Test Suite: Test Cases/TC_Amazon_Validation/TC_Amazon_Search_003 FAILED.
Reason:
com.kms.katalon.core.exception.StepFailedException: Unable to select option by value 'search-alias=baby-products-intl-ship' of object 'Object Repository/Amazon_Search_OR/Page_Amazon.com. Spend less. Smile more/select_All Departments        Arts  Crafts _135c92'  using regular expression
	at com.kms.katalon.core.webui.keyword.internal.WebUIKeywordMain.stepFailed(WebUIKeywordMain.groovy:64)
	at com.kms.katalon.core.webui.keyword.internal.WebUIKeywordMain.runKeyword(WebUIKeywordMain.groovy:26)
	at com.kms.katalon.core.webui.keyword.builtin.SelectOptionByValueKeyword.selectOptionByValue(SelectOptionByValueKeyword.groovy:99)
	at com.kms.katalon.core.webui.keyword.builtin.SelectOptionByValueKeyword.execute(SelectOptionByValueKeyword.groovy:71)
	at com.kms.katalon.core.keyword.internal.KeywordExecutor.executeKeywordForPlatform(KeywordExecutor.groovy:74)
	at com.kms.katalon.core.webui.keyword.WebUiBuiltInKeywords.selectOptionByValue(WebUiBuiltInKeywords.groovy:1207)
	at TC_Amazon_Search_003.run(TC_Amazon_Search_003:26)
	at com.kms.katalon.core.main.ScriptEngine.run(ScriptEngine.java:194)
	at com.kms.katalon.core.main.ScriptEngine.runScriptAsRawText(ScriptEngine.java:119)
	at com.kms.katalon.core.main.TestCaseExecutor.runScript(TestCaseExecutor.java:448)
	at com.kms.katalon.core.main.TestCaseExecutor.doExecute(TestCaseExecutor.java:439)
	at com.kms.katalon.core.main.TestCaseExecutor.processExecutionPhase(TestCaseExecutor.java:418)
	at com.kms.katalon.core.main.TestCaseExecutor.accessMainPhase(TestCaseExecutor.java:410)
	at com.kms.katalon.core.main.TestCaseExecutor.execute(TestCaseExecutor.java:285)
	at com.kms.katalon.core.common.CommonExecutor.accessTestCaseMainPhase(CommonExecutor.java:65)
	at com.kms.katalon.core.main.TestSuiteExecutor.accessTestSuiteMainPhase(TestSuiteExecutor.java:148)
	at com.kms.katalon.core.main.TestSuiteExecutor.execute(TestSuiteExecutor.java:106)
	at com.kms.katalon.core.main.TestCaseMain.startTestSuite(TestCaseMain.java:180)
	at TempTestSuite1706299150469.run(TempTestSuite1706299150469.groovy:36)
	at java.base/jdk.internal.reflect.NativeMethodAccessorImpl.invoke0(Native Method)
	at java.base/jdk.internal.reflect.NativeMethodAccessorImpl.invoke(NativeMethodAccessorImpl.java:77)
	at java.base/jdk.internal.reflect.DelegatingMethodAccessorImpl.invoke(DelegatingMethodAccessorImpl.java:43)
Caused by: org.openqa.selenium.ElementNotInteractableException: Element <option> could not be scrolled into view
Build info: version: '3.141.59', revision: 'e82be7d358', time: '2018-11-14T08:25:53'
System info: host: 'DESKTOP-08P78B5', ip: '192.168.1.40', os.name: 'Windows 11', os.arch: 'amd64', os.version: '10.0', java.version: '17.0.7'
Driver info: com.kms.katalon.core.webui.driver.firefox.CGeckoDriver
Capabilities {acceptInsecureCerts: true, browserName: firefox, browserVersion: 121.0.1, javascriptEnabled: true, moz:accessibilityChecks: false, moz:buildID: 20240108143603, moz:geckodriverVersion: 0.33.0, moz:headless: false, moz:platformVersion: 10.0, moz:processID: 24952, moz:profile: C:\Users\Harini\AppData\Loc..., moz:shutdownTimeout: 60000, moz:webdriverClick: true, moz:windowless: false, pageLoadStrategy: normal, platform: WINDOWS, platformName: WINDOWS, proxy: Proxy(direct), setWindowRect: true, strictFileInteractability: false, timeouts: {implicit: 0, pageLoad: 300000, script: 30000}, unhandledPromptBehavior: dismiss and notify}
Session ID: 4202de0f-fe0d-48ee-b1d8-22e33c8642e1
	at java.base/jdk.internal.reflect.NativeConstructorAccessorImpl.newInstance0(Native Method)
	at java.base/jdk.internal.reflect.NativeConstructorAccessorImpl.newInstance(NativeConstructorAccessorImpl.java:77)
	at java.base/jdk.internal.reflect.DelegatingConstructorAccessorImpl.newInstance(DelegatingConstructorAccessorImpl.java:45)
	at org.openqa.selenium.remote.http.W3CHttpResponseCodec.createException(W3CHttpResponseCodec.java:187)
	at org.openqa.selenium.remote.http.W3CHttpResponseCodec.decode(W3CHttpResponseCodec.java:122)
	at org.openqa.selenium.remote.http.W3CHttpResponseCodec.decode(W3CHttpResponseCodec.java:49)
	at org.openqa.selenium.remote.HttpCommandExecutor.execute(HttpCommandExecutor.java:158)
	at org.openqa.selenium.remote.service.DriverCommandExecutor.execute(DriverCommandExecutor.java:83)
	at org.openqa.selenium.remote.RemoteWebDriver.execute(RemoteWebDriver.java:552)
	at com.kms.katalon.selenium.driver.CFirefoxDriver.execute(CFirefoxDriver.java:28)
	at org.openqa.selenium.remote.RemoteWebElement.execute(RemoteWebElement.java:285)
	at org.openqa.selenium.remote.RemoteWebElement.click(RemoteWebElement.java:84)
	at java.base/jdk.internal.reflect.NativeMethodAccessorImpl.invoke0(Native Method)
	at java.base/jdk.internal.reflect.NativeMethodAccessorImpl.invoke(NativeMethodAccessorImpl.java:77)
	at java.base/jdk.internal.reflect.DelegatingMethodAccessorImpl.invoke(DelegatingMethodAccessorImpl.java:43)
	at org.openqa.selenium.support.events.EventFiringWebDriver$EventFiringWebElement.lambda$new$0(EventFiringWebDriver.java:404)
	at jdk.proxy2/jdk.proxy2.$Proxy24.click(Unknown Source)
	at org.openqa.selenium.support.events.EventFiringWebDriver$EventFiringWebElement.click(EventFiringWebDriver.java:417)
	at org.openqa.selenium.support.ui.Select.setSelected(Select.java:311)
	at org.openqa.selenium.support.ui.Select.setSelectedByIndex(Select.java:293)
	at org.openqa.selenium.support.ui.Select.selectByIndex(Select.java:172)
	at com.kms.katalon.core.webui.common.WebUiCommonHelper.selectOrDeselectOptionsByValueByRegularExpression(WebUiCommonHelper.java:284)
	at com.kms.katalon.core.webui.common.WebUiCommonHelper.selectOrDeselectOptionsByValue(WebUiCommonHelper.java:263)
	at com.kms.katalon.core.webui.keyword.builtin.SelectOptionByValueKeyword$_selectOptionByValue_closure1.doCall(SelectOptionByValueKeyword.groovy:88)
	at com.kms.katalon.core.webui.keyword.builtin.SelectOptionByValueKeyword$_selectOptionByValue_closure1.call(SelectOptionByValueKeyword.groovy)
	at com.kms.katalon.core.webui.keyword.internal.WebUIKeywordMain.runKeyword(WebUIKeywordMain.groovy:20)
	... 20 more]]></system-out>
      <system-err><![CDATA[27-01-2024T01:29:32 - [TEST_SUITE][FAILED] - Amazon_Test Suite: Test Cases/TC_Amazon_Validation/TC_Amazon_Search_003 FAILED.
Reason:
com.kms.katalon.core.exception.StepFailedException: Unable to select option by value 'search-alias=baby-products-intl-ship' of object 'Object Repository/Amazon_Search_OR/Page_Amazon.com. Spend less. Smile more/select_All Departments        Arts  Crafts _135c92'  using regular expression
	at com.kms.katalon.core.webui.keyword.internal.WebUIKeywordMain.stepFailed(WebUIKeywordMain.groovy:64)
	at com.kms.katalon.core.webui.keyword.internal.WebUIKeywordMain.runKeyword(WebUIKeywordMain.groovy:26)
	at com.kms.katalon.core.webui.keyword.builtin.SelectOptionByValueKeyword.selectOptionByValue(SelectOptionByValueKeyword.groovy:99)
	at com.kms.katalon.core.webui.keyword.builtin.SelectOptionByValueKeyword.execute(SelectOptionByValueKeyword.groovy:71)
	at com.kms.katalon.core.keyword.internal.KeywordExecutor.executeKeywordForPlatform(KeywordExecutor.groovy:74)
	at com.kms.katalon.core.webui.keyword.WebUiBuiltInKeywords.selectOptionByValue(WebUiBuiltInKeywords.groovy:1207)
	at TC_Amazon_Search_003.run(TC_Amazon_Search_003:26)
	at com.kms.katalon.core.main.ScriptEngine.run(ScriptEngine.java:194)
	at com.kms.katalon.core.main.ScriptEngine.runScriptAsRawText(ScriptEngine.java:119)
	at com.kms.katalon.core.main.TestCaseExecutor.runScript(TestCaseExecutor.java:448)
	at com.kms.katalon.core.main.TestCaseExecutor.doExecute(TestCaseExecutor.java:439)
	at com.kms.katalon.core.main.TestCaseExecutor.processExecutionPhase(TestCaseExecutor.java:418)
	at com.kms.katalon.core.main.TestCaseExecutor.accessMainPhase(TestCaseExecutor.java:410)
	at com.kms.katalon.core.main.TestCaseExecutor.execute(TestCaseExecutor.java:285)
	at com.kms.katalon.core.common.CommonExecutor.accessTestCaseMainPhase(CommonExecutor.java:65)
	at com.kms.katalon.core.main.TestSuiteExecutor.accessTestSuiteMainPhase(TestSuiteExecutor.java:148)
	at com.kms.katalon.core.main.TestSuiteExecutor.execute(TestSuiteExecutor.java:106)
	at com.kms.katalon.core.main.TestCaseMain.startTestSuite(TestCaseMain.java:180)
	at TempTestSuite1706299150469.run(TempTestSuite1706299150469.groovy:36)
	at java.base/jdk.internal.reflect.NativeMethodAccessorImpl.invoke0(Native Method)
	at java.base/jdk.internal.reflect.NativeMethodAccessorImpl.invoke(NativeMethodAccessorImpl.java:77)
	at java.base/jdk.internal.reflect.DelegatingMethodAccessorImpl.invoke(DelegatingMethodAccessorImpl.java:43)
Caused by: org.openqa.selenium.ElementNotInteractableException: Element <option> could not be scrolled into view
Build info: version: '3.141.59', revision: 'e82be7d358', time: '2018-11-14T08:25:53'
System info: host: 'DESKTOP-08P78B5', ip: '192.168.1.40', os.name: 'Windows 11', os.arch: 'amd64', os.version: '10.0', java.version: '17.0.7'
Driver info: com.kms.katalon.core.webui.driver.firefox.CGeckoDriver
Capabilities {acceptInsecureCerts: true, browserName: firefox, browserVersion: 121.0.1, javascriptEnabled: true, moz:accessibilityChecks: false, moz:buildID: 20240108143603, moz:geckodriverVersion: 0.33.0, moz:headless: false, moz:platformVersion: 10.0, moz:processID: 24952, moz:profile: C:\Users\Harini\AppData\Loc..., moz:shutdownTimeout: 60000, moz:webdriverClick: true, moz:windowless: false, pageLoadStrategy: normal, platform: WINDOWS, platformName: WINDOWS, proxy: Proxy(direct), setWindowRect: true, strictFileInteractability: false, timeouts: {implicit: 0, pageLoad: 300000, script: 30000}, unhandledPromptBehavior: dismiss and notify}
Session ID: 4202de0f-fe0d-48ee-b1d8-22e33c8642e1
	at java.base/jdk.internal.reflect.NativeConstructorAccessorImpl.newInstance0(Native Method)
	at java.base/jdk.internal.reflect.NativeConstructorAccessorImpl.newInstance(NativeConstructorAccessorImpl.java:77)
	at java.base/jdk.internal.reflect.DelegatingConstructorAccessorImpl.newInstance(DelegatingConstructorAccessorImpl.java:45)
	at org.openqa.selenium.remote.http.W3CHttpResponseCodec.createException(W3CHttpResponseCodec.java:187)
	at org.openqa.selenium.remote.http.W3CHttpResponseCodec.decode(W3CHttpResponseCodec.java:122)
	at org.openqa.selenium.remote.http.W3CHttpResponseCodec.decode(W3CHttpResponseCodec.java:49)
	at org.openqa.selenium.remote.HttpCommandExecutor.execute(HttpCommandExecutor.java:158)
	at org.openqa.selenium.remote.service.DriverCommandExecutor.execute(DriverCommandExecutor.java:83)
	at org.openqa.selenium.remote.RemoteWebDriver.execute(RemoteWebDriver.java:552)
	at com.kms.katalon.selenium.driver.CFirefoxDriver.execute(CFirefoxDriver.java:28)
	at org.openqa.selenium.remote.RemoteWebElement.execute(RemoteWebElement.java:285)
	at org.openqa.selenium.remote.RemoteWebElement.click(RemoteWebElement.java:84)
	at java.base/jdk.internal.reflect.NativeMethodAccessorImpl.invoke0(Native Method)
	at java.base/jdk.internal.reflect.NativeMethodAccessorImpl.invoke(NativeMethodAccessorImpl.java:77)
	at java.base/jdk.internal.reflect.DelegatingMethodAccessorImpl.invoke(DelegatingMethodAccessorImpl.java:43)
	at org.openqa.selenium.support.events.EventFiringWebDriver$EventFiringWebElement.lambda$new$0(EventFiringWebDriver.java:404)
	at jdk.proxy2/jdk.proxy2.$Proxy24.click(Unknown Source)
	at org.openqa.selenium.support.events.EventFiringWebDriver$EventFiringWebElement.click(EventFiringWebDriver.java:417)
	at org.openqa.selenium.support.ui.Select.setSelected(Select.java:311)
	at org.openqa.selenium.support.ui.Select.setSelectedByIndex(Select.java:293)
	at org.openqa.selenium.support.ui.Select.selectByIndex(Select.java:172)
	at com.kms.katalon.core.webui.common.WebUiCommonHelper.selectOrDeselectOptionsByValueByRegularExpression(WebUiCommonHelper.java:284)
	at com.kms.katalon.core.webui.common.WebUiCommonHelper.selectOrDeselectOptionsByValue(WebUiCommonHelper.java:263)
	at com.kms.katalon.core.webui.keyword.builtin.SelectOptionByValueKeyword$_selectOptionByValue_closure1.doCall(SelectOptionByValueKeyword.groovy:88)
	at com.kms.katalon.core.webui.keyword.builtin.SelectOptionByValueKeyword$_selectOptionByValue_closure1.call(SelectOptionByValueKeyword.groovy)
	at com.kms.katalon.core.webui.keyword.internal.WebUIKeywordMain.runKeyword(WebUIKeywordMain.groovy:20)
	... 20 more]]></system-err>
   </testsuite>
</testsuites>
